[0.222s] Invoking command in '/home/lcd/uav_ws/build/sjtu_drone_description': /usr/bin/cmake --build /home/lcd/uav_ws/build/sjtu_drone_description -- -j32 -l32
[0.360s] [ 16%] [32mBuilding CXX object CMakeFiles/payload_swing_damper.dir/src/payload_swing_damper.cpp.o[0m
[0.368s] [ 33%] [32mBuilding CXX object CMakeFiles/plugin_drone.dir/src/plugin_drone.cpp.o[0m
[0.369s] [ 50%] [32mBuilding CXX object CMakeFiles/plugin_drone.dir/src/plugin_drone_private.cpp.o[0m
[0.371s] [ 66%] [32mBuilding CXX object CMakeFiles/plugin_drone.dir/src/pid_controller.cpp.o[0m
[12.751s] [ 83%] [32m[1mLinking CXX shared library /home/lcd/uav_ws/src/sjtu_drone_description/plugins/libpayload_swing_damper.so[0m
[13.384s] [ 83%] Built target payload_swing_damper
[22.044s] [100%] [32m[1mLinking CXX shared library /home/lcd/uav_ws/src/sjtu_drone_description/plugins/libplugin_drone.so[0m
[23.714s] [100%] Built target plugin_drone
[23.742s] Invoked command in '/home/lcd/uav_ws/build/sjtu_drone_description' returned '0': /usr/bin/cmake --build /home/lcd/uav_ws/build/sjtu_drone_description -- -j32 -l32
[23.765s] Invoking command in '/home/lcd/uav_ws/build/sjtu_drone_description': /usr/bin/cmake --install /home/lcd/uav_ws/build/sjtu_drone_description
[23.772s] -- Install configuration: ""
[23.774s] -- Execute custom install script
[23.775s] -- Up-to-date symlink: /home/lcd/uav_ws/install/sjtu_drone_description/share/sjtu_drone_description/environment/library_path.sh
[23.776s] -- Up-to-date symlink: /home/lcd/uav_ws/install/sjtu_drone_description/share/sjtu_drone_description/environment/library_path.dsv
[23.778s] -- Up-to-date symlink: /home/lcd/uav_ws/install/sjtu_drone_description/include/sjtu_drone_description/pid_controller.h
[23.778s] -- Up-to-date symlink: /home/lcd/uav_ws/install/sjtu_drone_description/include/sjtu_drone_description/plugin_drone.h
[23.779s] -- Up-to-date symlink: /home/lcd/uav_ws/install/sjtu_drone_description/include/sjtu_drone_description/plugin_drone_private.h
[23.780s] -- Up-to-date symlink: /home/lcd/uav_ws/install/sjtu_drone_description/share/sjtu_drone_description/models/database.config
[23.780s] -- Up-to-date symlink: /home/lcd/uav_ws/install/sjtu_drone_description/share/sjtu_drone_description/models/sjtu_drone/model.config
[23.780s] -- Up-to-date symlink: /home/lcd/uav_ws/install/sjtu_drone_description/share/sjtu_drone_description/models/sjtu_drone/quadrotor_4.dae
[23.781s] -- Up-to-date symlink: /home/lcd/uav_ws/install/sjtu_drone_description/share/sjtu_drone_description/models/sjtu_drone/quadrotor_4.stl
[23.781s] -- Up-to-date symlink: /home/lcd/uav_ws/install/sjtu_drone_description/share/sjtu_drone_description/models/sjtu_drone/sjtu_drone.sdf
[23.782s] -- Up-to-date symlink: /home/lcd/uav_ws/install/sjtu_drone_description/share/sjtu_drone_description/urdf/flexible_cable.xacro
[23.782s] -- Up-to-date symlink: /home/lcd/uav_ws/install/sjtu_drone_description/share/sjtu_drone_description/urdf/sjtu_drone.urdf.xacro
[23.783s] -- Up-to-date symlink: /home/lcd/uav_ws/install/sjtu_drone_description/share/sjtu_drone_description/worlds/playground.world
[23.783s] -- Up-to-date symlink: /home/lcd/uav_ws/install/sjtu_drone_description/share/ament_index/resource_index/package_run_dependencies/sjtu_drone_description
[23.784s] -- Up-to-date symlink: /home/lcd/uav_ws/install/sjtu_drone_description/share/ament_index/resource_index/parent_prefix_path/sjtu_drone_description
[23.784s] -- Up-to-date symlink: /home/lcd/uav_ws/install/sjtu_drone_description/share/sjtu_drone_description/environment/ament_prefix_path.sh
[23.785s] -- Up-to-date symlink: /home/lcd/uav_ws/install/sjtu_drone_description/share/sjtu_drone_description/environment/ament_prefix_path.dsv
[23.785s] -- Up-to-date symlink: /home/lcd/uav_ws/install/sjtu_drone_description/share/sjtu_drone_description/environment/path.sh
[23.786s] -- Up-to-date symlink: /home/lcd/uav_ws/install/sjtu_drone_description/share/sjtu_drone_description/environment/path.dsv
[23.786s] -- Up-to-date symlink: /home/lcd/uav_ws/install/sjtu_drone_description/share/sjtu_drone_description/local_setup.bash
[23.786s] -- Up-to-date symlink: /home/lcd/uav_ws/install/sjtu_drone_description/share/sjtu_drone_description/local_setup.sh
[23.787s] -- Up-to-date symlink: /home/lcd/uav_ws/install/sjtu_drone_description/share/sjtu_drone_description/local_setup.zsh
[23.787s] -- Up-to-date symlink: /home/lcd/uav_ws/install/sjtu_drone_description/share/sjtu_drone_description/local_setup.dsv
[23.787s] -- Symlinking: /home/lcd/uav_ws/install/sjtu_drone_description/share/sjtu_drone_description/package.dsv
[23.794s] -- Up-to-date symlink: /home/lcd/uav_ws/install/sjtu_drone_description/share/ament_index/resource_index/packages/sjtu_drone_description
[23.794s] -- Up-to-date symlink: /home/lcd/uav_ws/install/sjtu_drone_description/share/sjtu_drone_description/cmake/ament_cmake_export_libraries-extras.cmake
[23.794s] -- Up-to-date symlink: /home/lcd/uav_ws/install/sjtu_drone_description/share/sjtu_drone_description/cmake/ament_cmake_export_include_directories-extras.cmake
[23.795s] -- Up-to-date symlink: /home/lcd/uav_ws/install/sjtu_drone_description/share/sjtu_drone_description/cmake/ament_cmake_export_targets-extras.cmake
[23.795s] -- Up-to-date symlink: /home/lcd/uav_ws/install/sjtu_drone_description/share/sjtu_drone_description/cmake/sjtu_drone_descriptionConfig.cmake
[23.795s] -- Up-to-date symlink: /home/lcd/uav_ws/install/sjtu_drone_description/share/sjtu_drone_description/cmake/sjtu_drone_descriptionConfig-version.cmake
[23.796s] -- Up-to-date symlink: /home/lcd/uav_ws/install/sjtu_drone_description/share/sjtu_drone_description/package.xml
[23.798s] -- Installing: /home/lcd/uav_ws/install/sjtu_drone_description/lib/libpayload_swing_damper.so
[23.803s] -- Set runtime path of "/home/lcd/uav_ws/install/sjtu_drone_description/lib/libpayload_swing_damper.so" to ""
[23.804s] -- Installing: /home/lcd/uav_ws/install/sjtu_drone_description/lib/libplugin_drone.so
[23.818s] -- Set runtime path of "/home/lcd/uav_ws/install/sjtu_drone_description/lib/libplugin_drone.so" to ""
[23.819s] -- Up-to-date: /home/lcd/uav_ws/install/sjtu_drone_description/share/sjtu_drone_description/cmake/export_sjtu_drone_descriptionExport.cmake
[23.819s] -- Up-to-date: /home/lcd/uav_ws/install/sjtu_drone_description/share/sjtu_drone_description/cmake/export_sjtu_drone_descriptionExport-noconfig.cmake
[23.824s] Invoked command in '/home/lcd/uav_ws/build/sjtu_drone_description' returned '0': /usr/bin/cmake --install /home/lcd/uav_ws/build/sjtu_drone_description
