[0.247s] Invoking command in '/home/lcd/uav_ws/build/sjtu_drone_description': CMAKE_PREFIX_PATH=${CMAKE_PREFIX_PATH}:/opt/ros/humble:/home/lcd/uav_ws/install/sjtu_drone_control:/home/lcd/uav_ws/install/sjtu_drone_bringup /usr/bin/cmake --build /home/lcd/uav_ws/build/sjtu_drone_description -- -j32 -l32
[0.338s] [ 16%] [32mBuilding CXX object CMakeFiles/payload_swing_damper.dir/src/payload_swing_damper.cpp.o[0m
[0.347s] [ 83%] Built target plugin_drone
[10.524s] [100%] [32m[1mLinking CXX shared library /home/lcd/uav_ws/src/sjtu_drone_description/plugins/libpayload_swing_damper.so[0m
[11.155s] [100%] Built target payload_swing_damper
[11.163s] Invoked command in '/home/lcd/uav_ws/build/sjtu_drone_description' returned '0': CMAKE_PREFIX_PATH=${CMAKE_PREFIX_PATH}:/opt/ros/humble:/home/lcd/uav_ws/install/sjtu_drone_control:/home/lcd/uav_ws/install/sjtu_drone_bringup /usr/bin/cmake --build /home/lcd/uav_ws/build/sjtu_drone_description -- -j32 -l32
[11.173s] Invoking command in '/home/lcd/uav_ws/build/sjtu_drone_description': CMAKE_PREFIX_PATH=${CMAKE_PREFIX_PATH}:/opt/ros/humble:/home/lcd/uav_ws/install/sjtu_drone_control:/home/lcd/uav_ws/install/sjtu_drone_bringup /usr/bin/cmake --install /home/lcd/uav_ws/build/sjtu_drone_description
[11.183s] -- Install configuration: ""
[11.185s] -- Execute custom install script
[11.185s] -- Up-to-date symlink: /home/lcd/uav_ws/install/sjtu_drone_description/share/sjtu_drone_description/environment/library_path.sh
[11.186s] -- Up-to-date symlink: /home/lcd/uav_ws/install/sjtu_drone_description/share/sjtu_drone_description/environment/library_path.dsv
[11.187s] -- Up-to-date symlink: /home/lcd/uav_ws/install/sjtu_drone_description/include/sjtu_drone_description/pid_controller.h
[11.188s] -- Up-to-date symlink: /home/lcd/uav_ws/install/sjtu_drone_description/include/sjtu_drone_description/plugin_drone.h
[11.188s] -- Up-to-date symlink: /home/lcd/uav_ws/install/sjtu_drone_description/include/sjtu_drone_description/plugin_drone_private.h
[11.190s] -- Up-to-date symlink: /home/lcd/uav_ws/install/sjtu_drone_description/share/sjtu_drone_description/models/database.config
[11.190s] -- Up-to-date symlink: /home/lcd/uav_ws/install/sjtu_drone_description/share/sjtu_drone_description/models/sjtu_drone/model.config
[11.191s] -- Up-to-date symlink: /home/lcd/uav_ws/install/sjtu_drone_description/share/sjtu_drone_description/models/sjtu_drone/quadrotor_4.dae
[11.191s] -- Up-to-date symlink: /home/lcd/uav_ws/install/sjtu_drone_description/share/sjtu_drone_description/models/sjtu_drone/quadrotor_4.stl
[11.192s] -- Up-to-date symlink: /home/lcd/uav_ws/install/sjtu_drone_description/share/sjtu_drone_description/models/sjtu_drone/sjtu_drone.sdf
[11.193s] -- Up-to-date symlink: /home/lcd/uav_ws/install/sjtu_drone_description/share/sjtu_drone_description/urdf/flexible_cable.xacro
[11.194s] -- Up-to-date symlink: /home/lcd/uav_ws/install/sjtu_drone_description/share/sjtu_drone_description/urdf/sjtu_drone.urdf.xacro
[11.195s] -- Up-to-date symlink: /home/lcd/uav_ws/install/sjtu_drone_description/share/sjtu_drone_description/worlds/playground.world
[11.195s] -- Up-to-date symlink: /home/lcd/uav_ws/install/sjtu_drone_description/share/ament_index/resource_index/package_run_dependencies/sjtu_drone_description
[11.195s] -- Up-to-date symlink: /home/lcd/uav_ws/install/sjtu_drone_description/share/ament_index/resource_index/parent_prefix_path/sjtu_drone_description
[11.196s] -- Up-to-date symlink: /home/lcd/uav_ws/install/sjtu_drone_description/share/sjtu_drone_description/environment/ament_prefix_path.sh
[11.197s] -- Up-to-date symlink: /home/lcd/uav_ws/install/sjtu_drone_description/share/sjtu_drone_description/environment/ament_prefix_path.dsv
[11.197s] -- Up-to-date symlink: /home/lcd/uav_ws/install/sjtu_drone_description/share/sjtu_drone_description/environment/path.sh
[11.198s] -- Up-to-date symlink: /home/lcd/uav_ws/install/sjtu_drone_description/share/sjtu_drone_description/environment/path.dsv
[11.198s] -- Up-to-date symlink: /home/lcd/uav_ws/install/sjtu_drone_description/share/sjtu_drone_description/local_setup.bash
[11.199s] -- Up-to-date symlink: /home/lcd/uav_ws/install/sjtu_drone_description/share/sjtu_drone_description/local_setup.sh
[11.199s] -- Up-to-date symlink: /home/lcd/uav_ws/install/sjtu_drone_description/share/sjtu_drone_description/local_setup.zsh
[11.200s] -- Up-to-date symlink: /home/lcd/uav_ws/install/sjtu_drone_description/share/sjtu_drone_description/local_setup.dsv
[11.200s] -- Symlinking: /home/lcd/uav_ws/install/sjtu_drone_description/share/sjtu_drone_description/package.dsv
[11.206s] -- Up-to-date symlink: /home/lcd/uav_ws/install/sjtu_drone_description/share/ament_index/resource_index/packages/sjtu_drone_description
[11.207s] -- Up-to-date symlink: /home/lcd/uav_ws/install/sjtu_drone_description/share/sjtu_drone_description/cmake/ament_cmake_export_libraries-extras.cmake
[11.207s] -- Up-to-date symlink: /home/lcd/uav_ws/install/sjtu_drone_description/share/sjtu_drone_description/cmake/ament_cmake_export_include_directories-extras.cmake
[11.208s] -- Up-to-date symlink: /home/lcd/uav_ws/install/sjtu_drone_description/share/sjtu_drone_description/cmake/ament_cmake_export_targets-extras.cmake
[11.208s] -- Up-to-date symlink: /home/lcd/uav_ws/install/sjtu_drone_description/share/sjtu_drone_description/cmake/sjtu_drone_descriptionConfig.cmake
[11.209s] -- Up-to-date symlink: /home/lcd/uav_ws/install/sjtu_drone_description/share/sjtu_drone_description/cmake/sjtu_drone_descriptionConfig-version.cmake
[11.209s] -- Up-to-date symlink: /home/lcd/uav_ws/install/sjtu_drone_description/share/sjtu_drone_description/package.xml
[11.210s] -- Installing: /home/lcd/uav_ws/install/sjtu_drone_description/lib/libpayload_swing_damper.so
[11.216s] -- Set runtime path of "/home/lcd/uav_ws/install/sjtu_drone_description/lib/libpayload_swing_damper.so" to ""
[11.217s] -- Up-to-date: /home/lcd/uav_ws/install/sjtu_drone_description/lib/libplugin_drone.so
[11.218s] -- Up-to-date: /home/lcd/uav_ws/install/sjtu_drone_description/share/sjtu_drone_description/cmake/export_sjtu_drone_descriptionExport.cmake
[11.218s] -- Up-to-date: /home/lcd/uav_ws/install/sjtu_drone_description/share/sjtu_drone_description/cmake/export_sjtu_drone_descriptionExport-noconfig.cmake
[11.220s] Invoked command in '/home/lcd/uav_ws/build/sjtu_drone_description' returned '0': CMAKE_PREFIX_PATH=${CMAKE_PREFIX_PATH}:/opt/ros/humble:/home/lcd/uav_ws/install/sjtu_drone_control:/home/lcd/uav_ws/install/sjtu_drone_bringup /usr/bin/cmake --install /home/lcd/uav_ws/build/sjtu_drone_description
