[0.267s] Invoking command in '/home/lcd/uav_ws/build/sjtu_drone_description': /usr/bin/cmake --build /home/lcd/uav_ws/build/sjtu_drone_description -- -j32 -l32
[0.478s] [ 33%] Built target payload_swing_damper
[0.506s] [100%] Built target plugin_drone
[0.511s] Invoked command in '/home/lcd/uav_ws/build/sjtu_drone_description' returned '0': /usr/bin/cmake --build /home/lcd/uav_ws/build/sjtu_drone_description -- -j32 -l32
[0.519s] Invoking command in '/home/lcd/uav_ws/build/sjtu_drone_description': /usr/bin/cmake --install /home/lcd/uav_ws/build/sjtu_drone_description
[0.524s] -- Install configuration: ""
[0.526s] -- Execute custom install script
[0.528s] -- Up-to-date symlink: /home/lcd/uav_ws/install/sjtu_drone_description/share/sjtu_drone_description/environment/library_path.sh
[0.528s] -- Up-to-date symlink: /home/lcd/uav_ws/install/sjtu_drone_description/share/sjtu_drone_description/environment/library_path.dsv
[0.531s] -- Up-to-date symlink: /home/lcd/uav_ws/install/sjtu_drone_description/include/sjtu_drone_description/pid_controller.h
[0.532s] -- Up-to-date symlink: /home/lcd/uav_ws/install/sjtu_drone_description/include/sjtu_drone_description/plugin_drone.h
[0.532s] -- Up-to-date symlink: /home/lcd/uav_ws/install/sjtu_drone_description/include/sjtu_drone_description/plugin_drone_private.h
[0.533s] -- Up-to-date symlink: /home/lcd/uav_ws/install/sjtu_drone_description/share/sjtu_drone_description/models/database.config
[0.534s] -- Up-to-date symlink: /home/lcd/uav_ws/install/sjtu_drone_description/share/sjtu_drone_description/models/sjtu_drone/model.config
[0.534s] -- Up-to-date symlink: /home/lcd/uav_ws/install/sjtu_drone_description/share/sjtu_drone_description/models/sjtu_drone/quadrotor_4.dae
[0.534s] -- Up-to-date symlink: /home/lcd/uav_ws/install/sjtu_drone_description/share/sjtu_drone_description/models/sjtu_drone/quadrotor_4.stl
[0.534s] -- Up-to-date symlink: /home/lcd/uav_ws/install/sjtu_drone_description/share/sjtu_drone_description/models/sjtu_drone/sjtu_drone.sdf
[0.535s] -- Up-to-date symlink: /home/lcd/uav_ws/install/sjtu_drone_description/share/sjtu_drone_description/urdf/flexible_cable.xacro
[0.536s] -- Up-to-date symlink: /home/lcd/uav_ws/install/sjtu_drone_description/share/sjtu_drone_description/urdf/sjtu_drone.urdf.xacro
[0.536s] -- Up-to-date symlink: /home/lcd/uav_ws/install/sjtu_drone_description/share/sjtu_drone_description/worlds/playground.world
[0.537s] -- Up-to-date symlink: /home/lcd/uav_ws/install/sjtu_drone_description/share/ament_index/resource_index/package_run_dependencies/sjtu_drone_description
[0.538s] -- Up-to-date symlink: /home/lcd/uav_ws/install/sjtu_drone_description/share/ament_index/resource_index/parent_prefix_path/sjtu_drone_description
[0.538s] -- Up-to-date symlink: /home/lcd/uav_ws/install/sjtu_drone_description/share/sjtu_drone_description/environment/ament_prefix_path.sh
[0.538s] -- Up-to-date symlink: /home/lcd/uav_ws/install/sjtu_drone_description/share/sjtu_drone_description/environment/ament_prefix_path.dsv
[0.539s] -- Up-to-date symlink: /home/lcd/uav_ws/install/sjtu_drone_description/share/sjtu_drone_description/environment/path.sh
[0.539s] -- Up-to-date symlink: /home/lcd/uav_ws/install/sjtu_drone_description/share/sjtu_drone_description/environment/path.dsv
[0.540s] -- Up-to-date symlink: /home/lcd/uav_ws/install/sjtu_drone_description/share/sjtu_drone_description/local_setup.bash
[0.540s] -- Up-to-date symlink: /home/lcd/uav_ws/install/sjtu_drone_description/share/sjtu_drone_description/local_setup.sh
[0.540s] -- Up-to-date symlink: /home/lcd/uav_ws/install/sjtu_drone_description/share/sjtu_drone_description/local_setup.zsh
[0.541s] -- Up-to-date symlink: /home/lcd/uav_ws/install/sjtu_drone_description/share/sjtu_drone_description/local_setup.dsv
[0.541s] -- Symlinking: /home/lcd/uav_ws/install/sjtu_drone_description/share/sjtu_drone_description/package.dsv
[0.547s] -- Up-to-date symlink: /home/lcd/uav_ws/install/sjtu_drone_description/share/ament_index/resource_index/packages/sjtu_drone_description
[0.548s] -- Up-to-date symlink: /home/lcd/uav_ws/install/sjtu_drone_description/share/sjtu_drone_description/cmake/ament_cmake_export_libraries-extras.cmake
[0.548s] -- Up-to-date symlink: /home/lcd/uav_ws/install/sjtu_drone_description/share/sjtu_drone_description/cmake/ament_cmake_export_include_directories-extras.cmake
[0.549s] -- Up-to-date symlink: /home/lcd/uav_ws/install/sjtu_drone_description/share/sjtu_drone_description/cmake/ament_cmake_export_targets-extras.cmake
[0.549s] -- Up-to-date symlink: /home/lcd/uav_ws/install/sjtu_drone_description/share/sjtu_drone_description/cmake/sjtu_drone_descriptionConfig.cmake
[0.549s] -- Up-to-date symlink: /home/lcd/uav_ws/install/sjtu_drone_description/share/sjtu_drone_description/cmake/sjtu_drone_descriptionConfig-version.cmake
[0.549s] -- Up-to-date symlink: /home/lcd/uav_ws/install/sjtu_drone_description/share/sjtu_drone_description/package.xml
[0.550s] -- Up-to-date: /home/lcd/uav_ws/install/sjtu_drone_description/lib/libpayload_swing_damper.so
[0.551s] -- Up-to-date: /home/lcd/uav_ws/install/sjtu_drone_description/lib/libplugin_drone.so
[0.553s] -- Up-to-date: /home/lcd/uav_ws/install/sjtu_drone_description/share/sjtu_drone_description/cmake/export_sjtu_drone_descriptionExport.cmake
[0.553s] -- Up-to-date: /home/lcd/uav_ws/install/sjtu_drone_description/share/sjtu_drone_description/cmake/export_sjtu_drone_descriptionExport-noconfig.cmake
[0.555s] Invoked command in '/home/lcd/uav_ws/build/sjtu_drone_description' returned '0': /usr/bin/cmake --install /home/lcd/uav_ws/build/sjtu_drone_description
