[0.141s] DEBUG:colcon:Command line arguments: ['/usr/bin/colcon', 'build', '--symlink-install']
[0.141s] DEBUG:colcon:Parsed command line arguments: Namespace(log_base=None, log_level=None, verb_name='build', build_base='build', install_base='install', merge_install=False, symlink_install=True, test_result_base=None, continue_on_error=False, executor='parallel', parallel_workers=32, event_handlers=None, ignore_user_meta=False, metas=['./colcon.meta'], base_paths=['.'], packages_ignore=None, packages_ignore_regex=None, paths=None, packages_up_to=None, packages_up_to_regex=None, packages_above=None, packages_above_and_dependencies=None, packages_above_depth=None, packages_select_by_dep=None, packages_skip_by_dep=None, packages_skip_up_to=None, packages_select_build_failed=False, packages_skip_build_finished=False, packages_select_test_failures=False, packages_skip_test_passed=False, packages_select=None, packages_skip=None, packages_select_regex=None, packages_skip_regex=None, packages_start=None, packages_end=None, allow_overriding=[], cmake_args=None, cmake_target=None, cmake_target_skip_unavailable=False, cmake_clean_cache=False, cmake_clean_first=False, cmake_force_configure=False, ament_cmake_args=None, catkin_cmake_args=None, catkin_skip_building_tests=False, verb_parser=<colcon_defaults.argument_parser.defaults.DefaultArgumentsDecorator object at 0x78088aa93a00>, verb_extension=<colcon_core.verb.build.BuildVerb object at 0x78088abd8dc0>, main=<bound method BuildVerb.main of <colcon_core.verb.build.BuildVerb object at 0x78088abd8dc0>>)
[0.321s] Level 1:colcon.colcon_core.package_discovery:discover_packages(colcon_meta) check parameters
[0.321s] Level 1:colcon.colcon_core.package_discovery:discover_packages(recursive) check parameters
[0.321s] Level 1:colcon.colcon_core.package_discovery:discover_packages(ignore) check parameters
[0.321s] Level 1:colcon.colcon_core.package_discovery:discover_packages(path) check parameters
[0.321s] Level 1:colcon.colcon_core.package_discovery:discover_packages(colcon_meta) discover
[0.321s] Level 1:colcon.colcon_core.package_discovery:discover_packages(recursive) discover
[0.321s] INFO:colcon.colcon_core.package_discovery:Crawling recursively for packages in '/home/lcd/uav_ws'
[0.321s] Level 1:colcon.colcon_core.package_identification:_identify(.) by extensions ['ignore', 'ignore_ament_install']
[0.321s] Level 1:colcon.colcon_core.package_identification:_identify(.) by extension 'ignore'
[0.321s] Level 1:colcon.colcon_core.package_identification:_identify(.) by extension 'ignore_ament_install'
[0.321s] Level 1:colcon.colcon_core.package_identification:_identify(.) by extensions ['colcon_pkg']
[0.321s] Level 1:colcon.colcon_core.package_identification:_identify(.) by extension 'colcon_pkg'
[0.322s] Level 1:colcon.colcon_core.package_identification:_identify(.) by extensions ['colcon_meta']
[0.322s] Level 1:colcon.colcon_core.package_identification:_identify(.) by extension 'colcon_meta'
[0.322s] Level 1:colcon.colcon_core.package_identification:_identify(.) by extensions ['ros']
[0.322s] Level 1:colcon.colcon_core.package_identification:_identify(.) by extension 'ros'
[0.329s] Level 1:colcon.colcon_core.package_identification:_identify(.) by extensions ['cmake', 'python']
[0.329s] Level 1:colcon.colcon_core.package_identification:_identify(.) by extension 'cmake'
[0.329s] Level 1:colcon.colcon_core.package_identification:_identify(.) by extension 'python'
[0.329s] Level 1:colcon.colcon_core.package_identification:_identify(.) by extensions ['python_setup_py']
[0.329s] Level 1:colcon.colcon_core.package_identification:_identify(.) by extension 'python_setup_py'
[0.329s] Level 1:colcon.colcon_core.package_identification:_identify(build) by extensions ['ignore', 'ignore_ament_install']
[0.329s] Level 1:colcon.colcon_core.package_identification:_identify(build) by extension 'ignore'
[0.329s] Level 1:colcon.colcon_core.package_identification:_identify(build) ignored
[0.330s] Level 1:colcon.colcon_core.package_identification:_identify(install) by extensions ['ignore', 'ignore_ament_install']
[0.330s] Level 1:colcon.colcon_core.package_identification:_identify(install) by extension 'ignore'
[0.330s] Level 1:colcon.colcon_core.package_identification:_identify(install) ignored
[0.330s] Level 1:colcon.colcon_core.package_identification:_identify(log) by extensions ['ignore', 'ignore_ament_install']
[0.330s] Level 1:colcon.colcon_core.package_identification:_identify(log) by extension 'ignore'
[0.330s] Level 1:colcon.colcon_core.package_identification:_identify(log) ignored
[0.330s] Level 1:colcon.colcon_core.package_identification:_identify(src) by extensions ['ignore', 'ignore_ament_install']
[0.330s] Level 1:colcon.colcon_core.package_identification:_identify(src) by extension 'ignore'
[0.330s] Level 1:colcon.colcon_core.package_identification:_identify(src) by extension 'ignore_ament_install'
[0.330s] Level 1:colcon.colcon_core.package_identification:_identify(src) by extensions ['colcon_pkg']
[0.330s] Level 1:colcon.colcon_core.package_identification:_identify(src) by extension 'colcon_pkg'
[0.330s] Level 1:colcon.colcon_core.package_identification:_identify(src) by extensions ['colcon_meta']
[0.330s] Level 1:colcon.colcon_core.package_identification:_identify(src) by extension 'colcon_meta'
[0.330s] Level 1:colcon.colcon_core.package_identification:_identify(src) by extensions ['ros']
[0.330s] Level 1:colcon.colcon_core.package_identification:_identify(src) by extension 'ros'
[0.330s] Level 1:colcon.colcon_core.package_identification:_identify(src) by extensions ['cmake', 'python']
[0.330s] Level 1:colcon.colcon_core.package_identification:_identify(src) by extension 'cmake'
[0.330s] Level 1:colcon.colcon_core.package_identification:_identify(src) by extension 'python'
[0.330s] Level 1:colcon.colcon_core.package_identification:_identify(src) by extensions ['python_setup_py']
[0.330s] Level 1:colcon.colcon_core.package_identification:_identify(src) by extension 'python_setup_py'
[0.330s] Level 1:colcon.colcon_core.package_identification:_identify(src/imgs) by extensions ['ignore', 'ignore_ament_install']
[0.330s] Level 1:colcon.colcon_core.package_identification:_identify(src/imgs) by extension 'ignore'
[0.330s] Level 1:colcon.colcon_core.package_identification:_identify(src/imgs) by extension 'ignore_ament_install'
[0.330s] Level 1:colcon.colcon_core.package_identification:_identify(src/imgs) by extensions ['colcon_pkg']
[0.330s] Level 1:colcon.colcon_core.package_identification:_identify(src/imgs) by extension 'colcon_pkg'
[0.330s] Level 1:colcon.colcon_core.package_identification:_identify(src/imgs) by extensions ['colcon_meta']
[0.330s] Level 1:colcon.colcon_core.package_identification:_identify(src/imgs) by extension 'colcon_meta'
[0.330s] Level 1:colcon.colcon_core.package_identification:_identify(src/imgs) by extensions ['ros']
[0.330s] Level 1:colcon.colcon_core.package_identification:_identify(src/imgs) by extension 'ros'
[0.330s] Level 1:colcon.colcon_core.package_identification:_identify(src/imgs) by extensions ['cmake', 'python']
[0.330s] Level 1:colcon.colcon_core.package_identification:_identify(src/imgs) by extension 'cmake'
[0.330s] Level 1:colcon.colcon_core.package_identification:_identify(src/imgs) by extension 'python'
[0.330s] Level 1:colcon.colcon_core.package_identification:_identify(src/imgs) by extensions ['python_setup_py']
[0.330s] Level 1:colcon.colcon_core.package_identification:_identify(src/imgs) by extension 'python_setup_py'
[0.330s] Level 1:colcon.colcon_core.package_identification:_identify(src/sjtu_drone_bringup) by extensions ['ignore', 'ignore_ament_install']
[0.330s] Level 1:colcon.colcon_core.package_identification:_identify(src/sjtu_drone_bringup) by extension 'ignore'
[0.330s] Level 1:colcon.colcon_core.package_identification:_identify(src/sjtu_drone_bringup) by extension 'ignore_ament_install'
[0.330s] Level 1:colcon.colcon_core.package_identification:_identify(src/sjtu_drone_bringup) by extensions ['colcon_pkg']
[0.330s] Level 1:colcon.colcon_core.package_identification:_identify(src/sjtu_drone_bringup) by extension 'colcon_pkg'
[0.330s] Level 1:colcon.colcon_core.package_identification:_identify(src/sjtu_drone_bringup) by extensions ['colcon_meta']
[0.330s] Level 1:colcon.colcon_core.package_identification:_identify(src/sjtu_drone_bringup) by extension 'colcon_meta'
[0.330s] Level 1:colcon.colcon_core.package_identification:_identify(src/sjtu_drone_bringup) by extensions ['ros']
[0.330s] Level 1:colcon.colcon_core.package_identification:_identify(src/sjtu_drone_bringup) by extension 'ros'
[0.332s] DEBUG:colcon.colcon_core.package_identification:Package 'src/sjtu_drone_bringup' with type 'ros.ament_python' and name 'sjtu_drone_bringup'
[0.332s] Level 1:colcon.colcon_core.package_identification:_identify(src/sjtu_drone_control) by extensions ['ignore', 'ignore_ament_install']
[0.332s] Level 1:colcon.colcon_core.package_identification:_identify(src/sjtu_drone_control) by extension 'ignore'
[0.332s] Level 1:colcon.colcon_core.package_identification:_identify(src/sjtu_drone_control) by extension 'ignore_ament_install'
[0.332s] Level 1:colcon.colcon_core.package_identification:_identify(src/sjtu_drone_control) by extensions ['colcon_pkg']
[0.332s] Level 1:colcon.colcon_core.package_identification:_identify(src/sjtu_drone_control) by extension 'colcon_pkg'
[0.332s] Level 1:colcon.colcon_core.package_identification:_identify(src/sjtu_drone_control) by extensions ['colcon_meta']
[0.332s] Level 1:colcon.colcon_core.package_identification:_identify(src/sjtu_drone_control) by extension 'colcon_meta'
[0.332s] Level 1:colcon.colcon_core.package_identification:_identify(src/sjtu_drone_control) by extensions ['ros']
[0.332s] Level 1:colcon.colcon_core.package_identification:_identify(src/sjtu_drone_control) by extension 'ros'
[0.333s] DEBUG:colcon.colcon_core.package_identification:Package 'src/sjtu_drone_control' with type 'ros.ament_python' and name 'sjtu_drone_control'
[0.333s] Level 1:colcon.colcon_core.package_identification:_identify(src/sjtu_drone_description) by extensions ['ignore', 'ignore_ament_install']
[0.333s] Level 1:colcon.colcon_core.package_identification:_identify(src/sjtu_drone_description) by extension 'ignore'
[0.333s] Level 1:colcon.colcon_core.package_identification:_identify(src/sjtu_drone_description) by extension 'ignore_ament_install'
[0.333s] Level 1:colcon.colcon_core.package_identification:_identify(src/sjtu_drone_description) by extensions ['colcon_pkg']
[0.333s] Level 1:colcon.colcon_core.package_identification:_identify(src/sjtu_drone_description) by extension 'colcon_pkg'
[0.333s] Level 1:colcon.colcon_core.package_identification:_identify(src/sjtu_drone_description) by extensions ['colcon_meta']
[0.333s] Level 1:colcon.colcon_core.package_identification:_identify(src/sjtu_drone_description) by extension 'colcon_meta'
[0.333s] Level 1:colcon.colcon_core.package_identification:_identify(src/sjtu_drone_description) by extensions ['ros']
[0.333s] Level 1:colcon.colcon_core.package_identification:_identify(src/sjtu_drone_description) by extension 'ros'
[0.333s] DEBUG:colcon.colcon_core.package_identification:Package 'src/sjtu_drone_description' with type 'ros.ament_cmake' and name 'sjtu_drone_description'
[0.333s] Level 1:colcon.colcon_core.package_discovery:discover_packages(recursive) using defaults
[0.333s] Level 1:colcon.colcon_core.package_discovery:discover_packages(ignore) discover
[0.333s] Level 1:colcon.colcon_core.package_discovery:discover_packages(ignore) using defaults
[0.333s] Level 1:colcon.colcon_core.package_discovery:discover_packages(path) discover
[0.333s] Level 1:colcon.colcon_core.package_discovery:discover_packages(path) using defaults
[0.343s] Level 1:colcon.colcon_core.package_discovery:discover_packages(prefix_path) check parameters
[0.343s] Level 1:colcon.colcon_core.package_discovery:discover_packages(prefix_path) discover
[0.346s] DEBUG:colcon.colcon_installed_package_information.package_discovery:Found 323 installed packages in /opt/ros/humble
[0.352s] Level 1:colcon.colcon_core.package_discovery:discover_packages(prefix_path) using defaults
[0.371s] Level 5:colcon.colcon_core.verb:set package 'sjtu_drone_bringup' build argument 'cmake_args' from command line to 'None'
[0.371s] Level 5:colcon.colcon_core.verb:set package 'sjtu_drone_bringup' build argument 'cmake_target' from command line to 'None'
[0.371s] Level 5:colcon.colcon_core.verb:set package 'sjtu_drone_bringup' build argument 'cmake_target_skip_unavailable' from command line to 'False'
[0.371s] Level 5:colcon.colcon_core.verb:set package 'sjtu_drone_bringup' build argument 'cmake_clean_cache' from command line to 'False'
[0.371s] Level 5:colcon.colcon_core.verb:set package 'sjtu_drone_bringup' build argument 'cmake_clean_first' from command line to 'False'
[0.371s] Level 5:colcon.colcon_core.verb:set package 'sjtu_drone_bringup' build argument 'cmake_force_configure' from command line to 'False'
[0.371s] Level 5:colcon.colcon_core.verb:set package 'sjtu_drone_bringup' build argument 'ament_cmake_args' from command line to 'None'
[0.371s] Level 5:colcon.colcon_core.verb:set package 'sjtu_drone_bringup' build argument 'catkin_cmake_args' from command line to 'None'
[0.371s] Level 5:colcon.colcon_core.verb:set package 'sjtu_drone_bringup' build argument 'catkin_skip_building_tests' from command line to 'False'
[0.371s] DEBUG:colcon.colcon_core.verb:Building package 'sjtu_drone_bringup' with the following arguments: {'ament_cmake_args': None, 'build_base': '/home/lcd/uav_ws/build/sjtu_drone_bringup', 'catkin_cmake_args': None, 'catkin_skip_building_tests': False, 'cmake_args': None, 'cmake_clean_cache': False, 'cmake_clean_first': False, 'cmake_force_configure': False, 'cmake_target': None, 'cmake_target_skip_unavailable': False, 'install_base': '/home/lcd/uav_ws/install/sjtu_drone_bringup', 'merge_install': False, 'path': '/home/lcd/uav_ws/src/sjtu_drone_bringup', 'symlink_install': True, 'test_result_base': None}
[0.372s] Level 5:colcon.colcon_core.verb:set package 'sjtu_drone_control' build argument 'cmake_args' from command line to 'None'
[0.372s] Level 5:colcon.colcon_core.verb:set package 'sjtu_drone_control' build argument 'cmake_target' from command line to 'None'
[0.372s] Level 5:colcon.colcon_core.verb:set package 'sjtu_drone_control' build argument 'cmake_target_skip_unavailable' from command line to 'False'
[0.372s] Level 5:colcon.colcon_core.verb:set package 'sjtu_drone_control' build argument 'cmake_clean_cache' from command line to 'False'
[0.372s] Level 5:colcon.colcon_core.verb:set package 'sjtu_drone_control' build argument 'cmake_clean_first' from command line to 'False'
[0.372s] Level 5:colcon.colcon_core.verb:set package 'sjtu_drone_control' build argument 'cmake_force_configure' from command line to 'False'
[0.372s] Level 5:colcon.colcon_core.verb:set package 'sjtu_drone_control' build argument 'ament_cmake_args' from command line to 'None'
[0.372s] Level 5:colcon.colcon_core.verb:set package 'sjtu_drone_control' build argument 'catkin_cmake_args' from command line to 'None'
[0.372s] Level 5:colcon.colcon_core.verb:set package 'sjtu_drone_control' build argument 'catkin_skip_building_tests' from command line to 'False'
[0.372s] DEBUG:colcon.colcon_core.verb:Building package 'sjtu_drone_control' with the following arguments: {'ament_cmake_args': None, 'build_base': '/home/lcd/uav_ws/build/sjtu_drone_control', 'catkin_cmake_args': None, 'catkin_skip_building_tests': False, 'cmake_args': None, 'cmake_clean_cache': False, 'cmake_clean_first': False, 'cmake_force_configure': False, 'cmake_target': None, 'cmake_target_skip_unavailable': False, 'install_base': '/home/lcd/uav_ws/install/sjtu_drone_control', 'merge_install': False, 'path': '/home/lcd/uav_ws/src/sjtu_drone_control', 'symlink_install': True, 'test_result_base': None}
[0.372s] Level 5:colcon.colcon_core.verb:set package 'sjtu_drone_description' build argument 'cmake_args' from command line to 'None'
[0.372s] Level 5:colcon.colcon_core.verb:set package 'sjtu_drone_description' build argument 'cmake_target' from command line to 'None'
[0.372s] Level 5:colcon.colcon_core.verb:set package 'sjtu_drone_description' build argument 'cmake_target_skip_unavailable' from command line to 'False'
[0.372s] Level 5:colcon.colcon_core.verb:set package 'sjtu_drone_description' build argument 'cmake_clean_cache' from command line to 'False'
[0.372s] Level 5:colcon.colcon_core.verb:set package 'sjtu_drone_description' build argument 'cmake_clean_first' from command line to 'False'
[0.372s] Level 5:colcon.colcon_core.verb:set package 'sjtu_drone_description' build argument 'cmake_force_configure' from command line to 'False'
[0.372s] Level 5:colcon.colcon_core.verb:set package 'sjtu_drone_description' build argument 'ament_cmake_args' from command line to 'None'
[0.372s] Level 5:colcon.colcon_core.verb:set package 'sjtu_drone_description' build argument 'catkin_cmake_args' from command line to 'None'
[0.372s] Level 5:colcon.colcon_core.verb:set package 'sjtu_drone_description' build argument 'catkin_skip_building_tests' from command line to 'False'
[0.372s] DEBUG:colcon.colcon_core.verb:Building package 'sjtu_drone_description' with the following arguments: {'ament_cmake_args': None, 'build_base': '/home/lcd/uav_ws/build/sjtu_drone_description', 'catkin_cmake_args': None, 'catkin_skip_building_tests': False, 'cmake_args': None, 'cmake_clean_cache': False, 'cmake_clean_first': False, 'cmake_force_configure': False, 'cmake_target': None, 'cmake_target_skip_unavailable': False, 'install_base': '/home/lcd/uav_ws/install/sjtu_drone_description', 'merge_install': False, 'path': '/home/lcd/uav_ws/src/sjtu_drone_description', 'symlink_install': True, 'test_result_base': None}
[0.372s] INFO:colcon.colcon_core.executor:Executing jobs using 'parallel' executor
[0.373s] DEBUG:colcon.colcon_parallel_executor.executor.parallel:run_until_complete
[0.373s] INFO:colcon.colcon_ros.task.ament_python.build:Building ROS package in '/home/lcd/uav_ws/src/sjtu_drone_bringup' with build type 'ament_python'
[0.373s] Level 1:colcon.colcon_core.shell:create_environment_hook('sjtu_drone_bringup', 'ament_prefix_path')
[0.374s] INFO:colcon.colcon_core.plugin_system:Skipping extension 'colcon_core.shell.bat': Not used on non-Windows systems
[0.374s] INFO:colcon.colcon_core.shell:Creating environment hook '/home/lcd/uav_ws/install/sjtu_drone_bringup/share/sjtu_drone_bringup/hook/ament_prefix_path.ps1'
[0.375s] INFO:colcon.colcon_core.shell:Creating environment descriptor '/home/lcd/uav_ws/install/sjtu_drone_bringup/share/sjtu_drone_bringup/hook/ament_prefix_path.dsv'
[0.375s] INFO:colcon.colcon_core.shell:Creating environment hook '/home/lcd/uav_ws/install/sjtu_drone_bringup/share/sjtu_drone_bringup/hook/ament_prefix_path.sh'
[0.376s] INFO:colcon.colcon_core.shell:Skip shell extension 'powershell' for command environment: Not usable outside of PowerShell
[0.376s] DEBUG:colcon.colcon_core.shell:Skip shell extension 'dsv' for command environment
[0.377s] INFO:colcon.colcon_ros.task.ament_python.build:Building ROS package in '/home/lcd/uav_ws/src/sjtu_drone_control' with build type 'ament_python'
[0.377s] Level 1:colcon.colcon_core.shell:create_environment_hook('sjtu_drone_control', 'ament_prefix_path')
[0.377s] INFO:colcon.colcon_core.shell:Creating environment hook '/home/lcd/uav_ws/install/sjtu_drone_control/share/sjtu_drone_control/hook/ament_prefix_path.ps1'
[0.378s] INFO:colcon.colcon_core.shell:Creating environment descriptor '/home/lcd/uav_ws/install/sjtu_drone_control/share/sjtu_drone_control/hook/ament_prefix_path.dsv'
[0.378s] INFO:colcon.colcon_core.shell:Creating environment hook '/home/lcd/uav_ws/install/sjtu_drone_control/share/sjtu_drone_control/hook/ament_prefix_path.sh'
[0.379s] INFO:colcon.colcon_core.shell:Skip shell extension 'powershell' for command environment: Not usable outside of PowerShell
[0.379s] DEBUG:colcon.colcon_core.shell:Skip shell extension 'dsv' for command environment
[0.380s] INFO:colcon.colcon_ros.task.ament_cmake.build:Building ROS package in '/home/lcd/uav_ws/src/sjtu_drone_description' with build type 'ament_cmake'
[0.380s] INFO:colcon.colcon_cmake.task.cmake.build:Building CMake package in '/home/lcd/uav_ws/src/sjtu_drone_description'
[0.380s] INFO:colcon.colcon_core.shell:Skip shell extension 'powershell' for command environment: Not usable outside of PowerShell
[0.380s] DEBUG:colcon.colcon_core.shell:Skip shell extension 'dsv' for command environment
[0.502s] INFO:colcon.colcon_core.task.python.build:Building Python package in '/home/lcd/uav_ws/src/sjtu_drone_bringup'
[0.502s] INFO:colcon.colcon_core.shell:Skip shell extension 'powershell' for command environment: Not usable outside of PowerShell
[0.502s] DEBUG:colcon.colcon_core.shell:Skip shell extension 'dsv' for command environment
[0.634s] INFO:colcon.colcon_core.task.python.build:Building Python package in '/home/lcd/uav_ws/src/sjtu_drone_control'
[0.635s] INFO:colcon.colcon_core.shell:Skip shell extension 'powershell' for command environment: Not usable outside of PowerShell
[0.635s] DEBUG:colcon.colcon_core.shell:Skip shell extension 'dsv' for command environment
[0.641s] DEBUG:colcon.colcon_core.event_handler.log_command:Invoking command in '/home/lcd/uav_ws/build/sjtu_drone_description': /usr/bin/cmake /home/lcd/uav_ws/src/sjtu_drone_description -DAMENT_CMAKE_SYMLINK_INSTALL=1 -DCMAKE_INSTALL_PREFIX=/home/lcd/uav_ws/install/sjtu_drone_description
[0.831s] DEBUG:colcon.colcon_core.event_handler.log_command:Invoking command in '/home/lcd/uav_ws/build/sjtu_drone_bringup': PYTHONPATH=/home/lcd/uav_ws/build/sjtu_drone_bringup/prefix_override:/usr/lib/python3/dist-packages/colcon_core/task/python/colcon_distutils_commands:/home/lcd/uav_ws/install/sjtu_drone_bringup/lib/python3.10/site-packages:${PYTHONPATH} /usr/bin/python3 -W ignore:setup.py install is deprecated -W ignore:easy_install command is deprecated setup.py develop --editable --build-directory /home/lcd/uav_ws/build/sjtu_drone_bringup/build --no-deps symlink_data
[0.833s] DEBUG:colcon.colcon_core.event_handler.log_command:Invoking command in '/home/lcd/uav_ws/build/sjtu_drone_control': PYTHONPATH=/home/lcd/uav_ws/build/sjtu_drone_control/prefix_override:/usr/lib/python3/dist-packages/colcon_core/task/python/colcon_distutils_commands:/home/lcd/uav_ws/install/sjtu_drone_control/lib/python3.10/site-packages:${PYTHONPATH} /usr/bin/python3 -W ignore:setup.py install is deprecated -W ignore:easy_install command is deprecated setup.py develop --editable --build-directory /home/lcd/uav_ws/build/sjtu_drone_control/build --no-deps symlink_data
[1.047s] Level 1:colcon.colcon_core.shell:create_environment_hook('sjtu_drone_bringup', 'pythonpath_develop')
[1.047s] INFO:colcon.colcon_core.shell:Creating environment hook '/home/lcd/uav_ws/build/sjtu_drone_bringup/share/sjtu_drone_bringup/hook/pythonpath_develop.ps1'
[1.047s] DEBUG:colcon.colcon_core.event_handler.log_command:Invoked command in '/home/lcd/uav_ws/build/sjtu_drone_bringup' returned '0': PYTHONPATH=/home/lcd/uav_ws/build/sjtu_drone_bringup/prefix_override:/usr/lib/python3/dist-packages/colcon_core/task/python/colcon_distutils_commands:/home/lcd/uav_ws/install/sjtu_drone_bringup/lib/python3.10/site-packages:${PYTHONPATH} /usr/bin/python3 -W ignore:setup.py install is deprecated -W ignore:easy_install command is deprecated setup.py develop --editable --build-directory /home/lcd/uav_ws/build/sjtu_drone_bringup/build --no-deps symlink_data
[1.048s] INFO:colcon.colcon_core.shell:Creating environment descriptor '/home/lcd/uav_ws/build/sjtu_drone_bringup/share/sjtu_drone_bringup/hook/pythonpath_develop.dsv'
[1.048s] INFO:colcon.colcon_core.shell:Creating environment hook '/home/lcd/uav_ws/build/sjtu_drone_bringup/share/sjtu_drone_bringup/hook/pythonpath_develop.sh'
[1.049s] Level 1:colcon.colcon_core.environment:checking '/home/lcd/uav_ws/install/sjtu_drone_bringup' for CMake module files
[1.050s] Level 1:colcon.colcon_core.environment:checking '/home/lcd/uav_ws/install/sjtu_drone_bringup' for CMake config files
[1.050s] Level 1:colcon.colcon_core.environment:checking '/home/lcd/uav_ws/install/sjtu_drone_bringup/lib'
[1.050s] Level 1:colcon.colcon_core.environment:checking '/home/lcd/uav_ws/install/sjtu_drone_bringup/bin'
[1.050s] Level 1:colcon.colcon_core.environment:checking '/home/lcd/uav_ws/install/sjtu_drone_bringup/lib/pkgconfig/sjtu_drone_bringup.pc'
[1.050s] Level 1:colcon.colcon_core.environment:checking '/home/lcd/uav_ws/install/sjtu_drone_bringup/lib/python3.10/site-packages'
[1.050s] Level 1:colcon.colcon_core.shell:create_environment_hook('sjtu_drone_bringup', 'pythonpath')
[1.050s] INFO:colcon.colcon_core.shell:Creating environment hook '/home/lcd/uav_ws/install/sjtu_drone_bringup/share/sjtu_drone_bringup/hook/pythonpath.ps1'
[1.051s] INFO:colcon.colcon_core.shell:Creating environment descriptor '/home/lcd/uav_ws/install/sjtu_drone_bringup/share/sjtu_drone_bringup/hook/pythonpath.dsv'
[1.051s] INFO:colcon.colcon_core.shell:Creating environment hook '/home/lcd/uav_ws/install/sjtu_drone_bringup/share/sjtu_drone_bringup/hook/pythonpath.sh'
[1.051s] Level 1:colcon.colcon_core.environment:checking '/home/lcd/uav_ws/install/sjtu_drone_bringup/bin'
[1.051s] Level 1:colcon.colcon_core.environment:create_environment_scripts_only(sjtu_drone_bringup)
[1.051s] INFO:colcon.colcon_core.shell:Creating package script '/home/lcd/uav_ws/install/sjtu_drone_bringup/share/sjtu_drone_bringup/package.ps1'
[1.052s] INFO:colcon.colcon_core.shell:Creating package descriptor '/home/lcd/uav_ws/install/sjtu_drone_bringup/share/sjtu_drone_bringup/package.dsv'
[1.052s] INFO:colcon.colcon_core.shell:Creating package script '/home/lcd/uav_ws/install/sjtu_drone_bringup/share/sjtu_drone_bringup/package.sh'
[1.052s] INFO:colcon.colcon_core.shell:Creating package script '/home/lcd/uav_ws/install/sjtu_drone_bringup/share/sjtu_drone_bringup/package.bash'
[1.053s] INFO:colcon.colcon_core.shell:Creating package script '/home/lcd/uav_ws/install/sjtu_drone_bringup/share/sjtu_drone_bringup/package.zsh'
[1.053s] Level 1:colcon.colcon_core.environment:create_file_with_runtime_dependencies(/home/lcd/uav_ws/install/sjtu_drone_bringup/share/colcon-core/packages/sjtu_drone_bringup)
[1.054s] Level 1:colcon.colcon_core.shell:create_environment_hook('sjtu_drone_control', 'pythonpath_develop')
[1.054s] INFO:colcon.colcon_core.shell:Creating environment hook '/home/lcd/uav_ws/build/sjtu_drone_control/share/sjtu_drone_control/hook/pythonpath_develop.ps1'
[1.055s] DEBUG:colcon.colcon_core.event_handler.log_command:Invoked command in '/home/lcd/uav_ws/build/sjtu_drone_control' returned '0': PYTHONPATH=/home/lcd/uav_ws/build/sjtu_drone_control/prefix_override:/usr/lib/python3/dist-packages/colcon_core/task/python/colcon_distutils_commands:/home/lcd/uav_ws/install/sjtu_drone_control/lib/python3.10/site-packages:${PYTHONPATH} /usr/bin/python3 -W ignore:setup.py install is deprecated -W ignore:easy_install command is deprecated setup.py develop --editable --build-directory /home/lcd/uav_ws/build/sjtu_drone_control/build --no-deps symlink_data
[1.055s] INFO:colcon.colcon_core.shell:Creating environment descriptor '/home/lcd/uav_ws/build/sjtu_drone_control/share/sjtu_drone_control/hook/pythonpath_develop.dsv'
[1.055s] INFO:colcon.colcon_core.shell:Creating environment hook '/home/lcd/uav_ws/build/sjtu_drone_control/share/sjtu_drone_control/hook/pythonpath_develop.sh'
[1.055s] Level 1:colcon.colcon_core.environment:checking '/home/lcd/uav_ws/install/sjtu_drone_control' for CMake module files
[1.056s] Level 1:colcon.colcon_core.environment:checking '/home/lcd/uav_ws/install/sjtu_drone_control' for CMake config files
[1.056s] Level 1:colcon.colcon_core.environment:checking '/home/lcd/uav_ws/install/sjtu_drone_control/lib'
[1.056s] Level 1:colcon.colcon_core.environment:checking '/home/lcd/uav_ws/install/sjtu_drone_control/bin'
[1.056s] Level 1:colcon.colcon_core.environment:checking '/home/lcd/uav_ws/install/sjtu_drone_control/lib/pkgconfig/sjtu_drone_control.pc'
[1.056s] Level 1:colcon.colcon_core.environment:checking '/home/lcd/uav_ws/install/sjtu_drone_control/lib/python3.10/site-packages'
[1.056s] Level 1:colcon.colcon_core.shell:create_environment_hook('sjtu_drone_control', 'pythonpath')
[1.056s] INFO:colcon.colcon_core.shell:Creating environment hook '/home/lcd/uav_ws/install/sjtu_drone_control/share/sjtu_drone_control/hook/pythonpath.ps1'
[1.056s] INFO:colcon.colcon_core.shell:Creating environment descriptor '/home/lcd/uav_ws/install/sjtu_drone_control/share/sjtu_drone_control/hook/pythonpath.dsv'
[1.057s] INFO:colcon.colcon_core.shell:Creating environment hook '/home/lcd/uav_ws/install/sjtu_drone_control/share/sjtu_drone_control/hook/pythonpath.sh'
[1.057s] Level 1:colcon.colcon_core.environment:checking '/home/lcd/uav_ws/install/sjtu_drone_control/bin'
[1.057s] Level 1:colcon.colcon_core.environment:create_environment_scripts_only(sjtu_drone_control)
[1.057s] INFO:colcon.colcon_core.shell:Creating package script '/home/lcd/uav_ws/install/sjtu_drone_control/share/sjtu_drone_control/package.ps1'
[1.057s] INFO:colcon.colcon_core.shell:Creating package descriptor '/home/lcd/uav_ws/install/sjtu_drone_control/share/sjtu_drone_control/package.dsv'
[1.057s] INFO:colcon.colcon_core.shell:Creating package script '/home/lcd/uav_ws/install/sjtu_drone_control/share/sjtu_drone_control/package.sh'
[1.058s] INFO:colcon.colcon_core.shell:Creating package script '/home/lcd/uav_ws/install/sjtu_drone_control/share/sjtu_drone_control/package.bash'
[1.058s] INFO:colcon.colcon_core.shell:Creating package script '/home/lcd/uav_ws/install/sjtu_drone_control/share/sjtu_drone_control/package.zsh'
[1.058s] Level 1:colcon.colcon_core.environment:create_file_with_runtime_dependencies(/home/lcd/uav_ws/install/sjtu_drone_control/share/colcon-core/packages/sjtu_drone_control)
[28.470s] DEBUG:colcon.colcon_core.event_handler.log_command:Invoked command in '/home/lcd/uav_ws/build/sjtu_drone_description' returned '0': /usr/bin/cmake /home/lcd/uav_ws/src/sjtu_drone_description -DAMENT_CMAKE_SYMLINK_INSTALL=1 -DCMAKE_INSTALL_PREFIX=/home/lcd/uav_ws/install/sjtu_drone_description
[28.471s] DEBUG:colcon.colcon_core.event_handler.log_command:Invoking command in '/home/lcd/uav_ws/build/sjtu_drone_description': /usr/bin/cmake --build /home/lcd/uav_ws/build/sjtu_drone_description -- -j32 -l32
[53.081s] DEBUG:colcon.colcon_core.event_handler.log_command:Invoked command in '/home/lcd/uav_ws/build/sjtu_drone_description' returned '0': /usr/bin/cmake --build /home/lcd/uav_ws/build/sjtu_drone_description -- -j32 -l32
[53.087s] DEBUG:colcon.colcon_core.event_handler.log_command:Invoking command in '/home/lcd/uav_ws/build/sjtu_drone_description': /usr/bin/cmake --install /home/lcd/uav_ws/build/sjtu_drone_description
[53.339s] Level 1:colcon.colcon_core.environment:create_environment_scripts_only(sjtu_drone_description)
[53.340s] Level 1:colcon.colcon_core.environment:checking '/home/lcd/uav_ws/install/sjtu_drone_description' for CMake module files
[53.340s] DEBUG:colcon.colcon_core.event_handler.log_command:Invoked command in '/home/lcd/uav_ws/build/sjtu_drone_description' returned '0': /usr/bin/cmake --install /home/lcd/uav_ws/build/sjtu_drone_description
[53.340s] Level 1:colcon.colcon_core.environment:checking '/home/lcd/uav_ws/install/sjtu_drone_description' for CMake config files
[53.340s] Level 1:colcon.colcon_core.shell:create_environment_hook('sjtu_drone_description', 'cmake_prefix_path')
[53.341s] INFO:colcon.colcon_core.shell:Creating environment hook '/home/lcd/uav_ws/install/sjtu_drone_description/share/sjtu_drone_description/hook/cmake_prefix_path.ps1'
[53.342s] INFO:colcon.colcon_core.shell:Creating environment descriptor '/home/lcd/uav_ws/install/sjtu_drone_description/share/sjtu_drone_description/hook/cmake_prefix_path.dsv'
[53.342s] INFO:colcon.colcon_core.shell:Creating environment hook '/home/lcd/uav_ws/install/sjtu_drone_description/share/sjtu_drone_description/hook/cmake_prefix_path.sh'
[53.343s] Level 1:colcon.colcon_core.environment:checking '/home/lcd/uav_ws/install/sjtu_drone_description/lib'
[53.343s] Level 1:colcon.colcon_core.shell:create_environment_hook('sjtu_drone_description', 'ld_library_path_lib')
[53.343s] INFO:colcon.colcon_core.shell:Creating environment hook '/home/lcd/uav_ws/install/sjtu_drone_description/share/sjtu_drone_description/hook/ld_library_path_lib.ps1'
[53.343s] INFO:colcon.colcon_core.shell:Creating environment descriptor '/home/lcd/uav_ws/install/sjtu_drone_description/share/sjtu_drone_description/hook/ld_library_path_lib.dsv'
[53.343s] INFO:colcon.colcon_core.shell:Creating environment hook '/home/lcd/uav_ws/install/sjtu_drone_description/share/sjtu_drone_description/hook/ld_library_path_lib.sh'
[53.343s] Level 1:colcon.colcon_core.environment:checking '/home/lcd/uav_ws/install/sjtu_drone_description/bin'
[53.343s] Level 1:colcon.colcon_core.environment:checking '/home/lcd/uav_ws/install/sjtu_drone_description/lib/pkgconfig/sjtu_drone_description.pc'
[53.344s] Level 1:colcon.colcon_core.environment:checking '/home/lcd/uav_ws/install/sjtu_drone_description/lib/python3.10/site-packages'
[53.344s] Level 1:colcon.colcon_core.environment:checking '/home/lcd/uav_ws/install/sjtu_drone_description/bin'
[53.344s] INFO:colcon.colcon_core.shell:Creating package script '/home/lcd/uav_ws/install/sjtu_drone_description/share/sjtu_drone_description/package.ps1'
[53.344s] INFO:colcon.colcon_core.shell:Creating package descriptor '/home/lcd/uav_ws/install/sjtu_drone_description/share/sjtu_drone_description/package.dsv'
[53.344s] INFO:colcon.colcon_core.shell:Creating package script '/home/lcd/uav_ws/install/sjtu_drone_description/share/sjtu_drone_description/package.sh'
[53.345s] INFO:colcon.colcon_core.shell:Creating package script '/home/lcd/uav_ws/install/sjtu_drone_description/share/sjtu_drone_description/package.bash'
[53.345s] INFO:colcon.colcon_core.shell:Creating package script '/home/lcd/uav_ws/install/sjtu_drone_description/share/sjtu_drone_description/package.zsh'
[53.345s] Level 1:colcon.colcon_core.environment:create_file_with_runtime_dependencies(/home/lcd/uav_ws/install/sjtu_drone_description/share/colcon-core/packages/sjtu_drone_description)
[53.346s] Level 1:colcon.colcon_core.environment:create_environment_scripts_only(sjtu_drone_description)
[53.346s] Level 1:colcon.colcon_core.environment:checking '/home/lcd/uav_ws/install/sjtu_drone_description' for CMake module files
[53.346s] Level 1:colcon.colcon_core.environment:checking '/home/lcd/uav_ws/install/sjtu_drone_description' for CMake config files
[53.346s] Level 1:colcon.colcon_core.shell:create_environment_hook('sjtu_drone_description', 'cmake_prefix_path')
[53.346s] INFO:colcon.colcon_core.shell:Creating environment hook '/home/lcd/uav_ws/install/sjtu_drone_description/share/sjtu_drone_description/hook/cmake_prefix_path.ps1'
[53.347s] INFO:colcon.colcon_core.shell:Creating environment descriptor '/home/lcd/uav_ws/install/sjtu_drone_description/share/sjtu_drone_description/hook/cmake_prefix_path.dsv'
[53.347s] INFO:colcon.colcon_core.shell:Creating environment hook '/home/lcd/uav_ws/install/sjtu_drone_description/share/sjtu_drone_description/hook/cmake_prefix_path.sh'
[53.347s] Level 1:colcon.colcon_core.environment:checking '/home/lcd/uav_ws/install/sjtu_drone_description/lib'
[53.347s] Level 1:colcon.colcon_core.shell:create_environment_hook('sjtu_drone_description', 'ld_library_path_lib')
[53.347s] INFO:colcon.colcon_core.shell:Creating environment hook '/home/lcd/uav_ws/install/sjtu_drone_description/share/sjtu_drone_description/hook/ld_library_path_lib.ps1'
[53.347s] INFO:colcon.colcon_core.shell:Creating environment descriptor '/home/lcd/uav_ws/install/sjtu_drone_description/share/sjtu_drone_description/hook/ld_library_path_lib.dsv'
[53.348s] INFO:colcon.colcon_core.shell:Creating environment hook '/home/lcd/uav_ws/install/sjtu_drone_description/share/sjtu_drone_description/hook/ld_library_path_lib.sh'
[53.348s] Level 1:colcon.colcon_core.environment:checking '/home/lcd/uav_ws/install/sjtu_drone_description/bin'
[53.348s] Level 1:colcon.colcon_core.environment:checking '/home/lcd/uav_ws/install/sjtu_drone_description/lib/pkgconfig/sjtu_drone_description.pc'
[53.348s] Level 1:colcon.colcon_core.environment:checking '/home/lcd/uav_ws/install/sjtu_drone_description/lib/python3.10/site-packages'
[53.348s] Level 1:colcon.colcon_core.environment:checking '/home/lcd/uav_ws/install/sjtu_drone_description/bin'
[53.348s] INFO:colcon.colcon_core.shell:Creating package script '/home/lcd/uav_ws/install/sjtu_drone_description/share/sjtu_drone_description/package.ps1'
[53.349s] INFO:colcon.colcon_core.shell:Creating package descriptor '/home/lcd/uav_ws/install/sjtu_drone_description/share/sjtu_drone_description/package.dsv'
[53.349s] INFO:colcon.colcon_core.shell:Creating package script '/home/lcd/uav_ws/install/sjtu_drone_description/share/sjtu_drone_description/package.sh'
[53.349s] INFO:colcon.colcon_core.shell:Creating package script '/home/lcd/uav_ws/install/sjtu_drone_description/share/sjtu_drone_description/package.bash'
[53.349s] INFO:colcon.colcon_core.shell:Creating package script '/home/lcd/uav_ws/install/sjtu_drone_description/share/sjtu_drone_description/package.zsh'
[53.350s] Level 1:colcon.colcon_core.environment:create_file_with_runtime_dependencies(/home/lcd/uav_ws/install/sjtu_drone_description/share/colcon-core/packages/sjtu_drone_description)
[53.350s] DEBUG:colcon.colcon_parallel_executor.executor.parallel:closing loop
[53.351s] DEBUG:colcon.colcon_parallel_executor.executor.parallel:loop closed
[53.351s] DEBUG:colcon.colcon_parallel_executor.executor.parallel:run_until_complete finished with '0'
[53.351s] DEBUG:colcon.colcon_core.event_reactor:joining thread
[53.369s] INFO:colcon.colcon_core.plugin_system:Skipping extension 'colcon_notification.desktop_notification.notify_send': Could not find 'notify-send'
[53.369s] INFO:colcon.colcon_core.plugin_system:Skipping extension 'colcon_notification.desktop_notification.terminal_notifier': Not used on non-Darwin systems
[53.369s] INFO:colcon.colcon_core.plugin_system:Skipping extension 'colcon_notification.desktop_notification.win32': Not used on non-Windows systems
[53.369s] INFO:colcon.colcon_notification.desktop_notification:Sending desktop notification using 'notify2'
[53.369s] DEBUG:colcon.colcon_notification.desktop_notification.notify2:Failed to initialize notify2: org.freedesktop.DBus.Error.FileNotFound: Failed to connect to socket /run/user/1000/bus: No such file or directory
[53.369s] DEBUG:colcon.colcon_core.event_reactor:joined thread
[53.369s] INFO:colcon.colcon_core.shell:Creating prefix script '/home/lcd/uav_ws/install/local_setup.ps1'
[53.370s] INFO:colcon.colcon_core.shell:Creating prefix util module '/home/lcd/uav_ws/install/_local_setup_util_ps1.py'
[53.371s] INFO:colcon.colcon_core.shell:Creating prefix chain script '/home/lcd/uav_ws/install/setup.ps1'
[53.371s] INFO:colcon.colcon_core.shell:Creating prefix script '/home/lcd/uav_ws/install/local_setup.sh'
[53.371s] INFO:colcon.colcon_core.shell:Creating prefix util module '/home/lcd/uav_ws/install/_local_setup_util_sh.py'
[53.372s] INFO:colcon.colcon_core.shell:Creating prefix chain script '/home/lcd/uav_ws/install/setup.sh'
[53.372s] INFO:colcon.colcon_core.shell:Creating prefix script '/home/lcd/uav_ws/install/local_setup.bash'
[53.372s] INFO:colcon.colcon_core.shell:Creating prefix chain script '/home/lcd/uav_ws/install/setup.bash'
[53.373s] INFO:colcon.colcon_core.shell:Creating prefix script '/home/lcd/uav_ws/install/local_setup.zsh'
[53.373s] INFO:colcon.colcon_core.shell:Creating prefix chain script '/home/lcd/uav_ws/install/setup.zsh'
