running develop
Removing /home/lcd/uav_ws/install/sjtu_drone_bringup/lib/python3.10/site-packages/sjtu-drone-bringup.egg-link (link to .)
running egg_info
writing ../../build/sjtu_drone_bringup/sjtu_drone_bringup.egg-info/PKG-INFO
writing dependency_links to ../../build/sjtu_drone_bringup/sjtu_drone_bringup.egg-info/dependency_links.txt
writing entry points to ../../build/sjtu_drone_bringup/sjtu_drone_bringup.egg-info/entry_points.txt
writing requirements to ../../build/sjtu_drone_bringup/sjtu_drone_bringup.egg-info/requires.txt
writing top-level names to ../../build/sjtu_drone_bringup/sjtu_drone_bringup.egg-info/top_level.txt
reading manifest file '../../build/sjtu_drone_bringup/sjtu_drone_bringup.egg-info/SOURCES.txt'
writing manifest file '../../build/sjtu_drone_bringup/sjtu_drone_bringup.egg-info/SOURCES.txt'
running build
running build_py
creating /home/lcd/uav_ws/build/sjtu_drone_bringup/build
creating /home/lcd/uav_ws/build/sjtu_drone_bringup/build/lib
creating /home/lcd/uav_ws/build/sjtu_drone_bringup/build/lib/sjtu_drone_bringup
copying sjtu_drone_bringup/spawn_drone.py -> /home/lcd/uav_ws/build/sjtu_drone_bringup/build/lib/sjtu_drone_bringup
copying sjtu_drone_bringup/__init__.py -> /home/lcd/uav_ws/build/sjtu_drone_bringup/build/lib/sjtu_drone_bringup
running install
running install_lib
creating /home/lcd/uav_ws/install/sjtu_drone_bringup/lib/python3.10/site-packages/sjtu_drone_bringup
copying /home/lcd/uav_ws/build/sjtu_drone_bringup/build/lib/sjtu_drone_bringup/spawn_drone.py -> /home/lcd/uav_ws/install/sjtu_drone_bringup/lib/python3.10/site-packages/sjtu_drone_bringup
copying /home/lcd/uav_ws/build/sjtu_drone_bringup/build/lib/sjtu_drone_bringup/__init__.py -> /home/lcd/uav_ws/install/sjtu_drone_bringup/lib/python3.10/site-packages/sjtu_drone_bringup
byte-compiling /home/lcd/uav_ws/install/sjtu_drone_bringup/lib/python3.10/site-packages/sjtu_drone_bringup/spawn_drone.py to spawn_drone.cpython-310.pyc
byte-compiling /home/lcd/uav_ws/install/sjtu_drone_bringup/lib/python3.10/site-packages/sjtu_drone_bringup/__init__.py to __init__.cpython-310.pyc
running install_data
copying resource/sjtu_drone_bringup -> /home/lcd/uav_ws/install/sjtu_drone_bringup/share/ament_index/resource_index/packages
copying package.xml -> /home/lcd/uav_ws/install/sjtu_drone_bringup/share/sjtu_drone_bringup
copying launch/sjtu_drone_bringup.launch.py -> /home/lcd/uav_ws/install/sjtu_drone_bringup/share/sjtu_drone_bringup/launch
copying launch/drone_urdf_bringup.launch.py -> /home/lcd/uav_ws/install/sjtu_drone_bringup/share/sjtu_drone_bringup/launch
copying launch/sjtu_drone_gazebo.launch.py -> /home/lcd/uav_ws/install/sjtu_drone_bringup/share/sjtu_drone_bringup/launch
copying rviz/rviz.rviz -> /home/lcd/uav_ws/install/sjtu_drone_bringup/share/sjtu_drone_bringup/rviz
copying config/drone.yaml -> /home/lcd/uav_ws/install/sjtu_drone_bringup/share/sjtu_drone_bringup/config
running install_egg_info
Copying ../../build/sjtu_drone_bringup/sjtu_drone_bringup.egg-info to /home/lcd/uav_ws/install/sjtu_drone_bringup/lib/python3.10/site-packages/sjtu_drone_bringup-0.0.0-py3.10.egg-info
running install_scripts
Installing spawn_drone script to /home/lcd/uav_ws/install/sjtu_drone_bringup/lib/sjtu_drone_bringup
writing list of installed files to '/home/lcd/uav_ws/build/sjtu_drone_bringup/install.log'
