[0.447s] Invoking command in '/home/lcd/uav_ws/build/sjtu_drone_bringup': PYTHONPATH=/home/lcd/uav_ws/build/sjtu_drone_bringup/prefix_override:/usr/lib/python3/dist-packages/colcon_core/task/python/colcon_distutils_commands:/home/lcd/uav_ws/install/sjtu_drone_bringup/lib/python3.10/site-packages:${PYTHONPATH} /usr/bin/python3 -W ignore:setup.py install is deprecated -W ignore:easy_install command is deprecated setup.py develop --uninstall --editable --build-directory /home/lcd/uav_ws/build/sjtu_drone_bringup/build
[0.560s] running develop
[0.622s] Removing /home/lcd/uav_ws/install/sjtu_drone_bringup/lib/python3.10/site-packages/sjtu-drone-bringup.egg-link (link to .)
[0.639s] Invoked command in '/home/lcd/uav_ws/build/sjtu_drone_bringup' returned '0': PYTHONPATH=/home/lcd/uav_ws/build/sjtu_drone_bringup/prefix_override:/usr/lib/python3/dist-packages/colcon_core/task/python/colcon_distutils_commands:/home/lcd/uav_ws/install/sjtu_drone_bringup/lib/python3.10/site-packages:${PYTHONPATH} /usr/bin/python3 -W ignore:setup.py install is deprecated -W ignore:easy_install command is deprecated setup.py develop --uninstall --editable --build-directory /home/lcd/uav_ws/build/sjtu_drone_bringup/build
[0.641s] Invoking command in '/home/lcd/uav_ws/src/sjtu_drone_bringup': PYTHONPATH=/home/lcd/uav_ws/build/sjtu_drone_bringup/prefix_override:/usr/lib/python3/dist-packages/colcon_core/task/python/colcon_distutils_commands:/home/lcd/uav_ws/install/sjtu_drone_bringup/lib/python3.10/site-packages:${PYTHONPATH} /usr/bin/python3 -W ignore:setup.py install is deprecated -W ignore:easy_install command is deprecated setup.py egg_info --egg-base ../../build/sjtu_drone_bringup build --build-base /home/lcd/uav_ws/build/sjtu_drone_bringup/build install --record /home/lcd/uav_ws/build/sjtu_drone_bringup/install.log --single-version-externally-managed install_data --force
[0.746s] running egg_info
[0.746s] writing ../../build/sjtu_drone_bringup/sjtu_drone_bringup.egg-info/PKG-INFO
[0.747s] writing dependency_links to ../../build/sjtu_drone_bringup/sjtu_drone_bringup.egg-info/dependency_links.txt
[0.747s] writing entry points to ../../build/sjtu_drone_bringup/sjtu_drone_bringup.egg-info/entry_points.txt
[0.747s] writing requirements to ../../build/sjtu_drone_bringup/sjtu_drone_bringup.egg-info/requires.txt
[0.747s] writing top-level names to ../../build/sjtu_drone_bringup/sjtu_drone_bringup.egg-info/top_level.txt
[0.748s] reading manifest file '../../build/sjtu_drone_bringup/sjtu_drone_bringup.egg-info/SOURCES.txt'
[0.749s] writing manifest file '../../build/sjtu_drone_bringup/sjtu_drone_bringup.egg-info/SOURCES.txt'
[0.749s] running build
[0.749s] running build_py
[0.749s] creating /home/lcd/uav_ws/build/sjtu_drone_bringup/build
[0.749s] creating /home/lcd/uav_ws/build/sjtu_drone_bringup/build/lib
[0.749s] creating /home/lcd/uav_ws/build/sjtu_drone_bringup/build/lib/sjtu_drone_bringup
[0.749s] copying sjtu_drone_bringup/spawn_drone.py -> /home/lcd/uav_ws/build/sjtu_drone_bringup/build/lib/sjtu_drone_bringup
[0.750s] copying sjtu_drone_bringup/__init__.py -> /home/lcd/uav_ws/build/sjtu_drone_bringup/build/lib/sjtu_drone_bringup
[0.750s] running install
[0.750s] running install_lib
[0.750s] creating /home/lcd/uav_ws/install/sjtu_drone_bringup/lib/python3.10/site-packages/sjtu_drone_bringup
[0.751s] copying /home/lcd/uav_ws/build/sjtu_drone_bringup/build/lib/sjtu_drone_bringup/spawn_drone.py -> /home/lcd/uav_ws/install/sjtu_drone_bringup/lib/python3.10/site-packages/sjtu_drone_bringup
[0.751s] copying /home/lcd/uav_ws/build/sjtu_drone_bringup/build/lib/sjtu_drone_bringup/__init__.py -> /home/lcd/uav_ws/install/sjtu_drone_bringup/lib/python3.10/site-packages/sjtu_drone_bringup
[0.751s] byte-compiling /home/lcd/uav_ws/install/sjtu_drone_bringup/lib/python3.10/site-packages/sjtu_drone_bringup/spawn_drone.py to spawn_drone.cpython-310.pyc
[0.751s] byte-compiling /home/lcd/uav_ws/install/sjtu_drone_bringup/lib/python3.10/site-packages/sjtu_drone_bringup/__init__.py to __init__.cpython-310.pyc
[0.752s] running install_data
[0.752s] copying resource/sjtu_drone_bringup -> /home/lcd/uav_ws/install/sjtu_drone_bringup/share/ament_index/resource_index/packages
[0.752s] copying package.xml -> /home/lcd/uav_ws/install/sjtu_drone_bringup/share/sjtu_drone_bringup
[0.752s] copying launch/sjtu_drone_bringup.launch.py -> /home/lcd/uav_ws/install/sjtu_drone_bringup/share/sjtu_drone_bringup/launch
[0.752s] copying launch/drone_urdf_bringup.launch.py -> /home/lcd/uav_ws/install/sjtu_drone_bringup/share/sjtu_drone_bringup/launch
[0.752s] copying launch/sjtu_drone_gazebo.launch.py -> /home/lcd/uav_ws/install/sjtu_drone_bringup/share/sjtu_drone_bringup/launch
[0.753s] copying rviz/rviz.rviz -> /home/lcd/uav_ws/install/sjtu_drone_bringup/share/sjtu_drone_bringup/rviz
[0.753s] copying config/drone.yaml -> /home/lcd/uav_ws/install/sjtu_drone_bringup/share/sjtu_drone_bringup/config
[0.754s] running install_egg_info
[0.754s] Copying ../../build/sjtu_drone_bringup/sjtu_drone_bringup.egg-info to /home/lcd/uav_ws/install/sjtu_drone_bringup/lib/python3.10/site-packages/sjtu_drone_bringup-0.0.0-py3.10.egg-info
[0.755s] running install_scripts
[0.766s] Installing spawn_drone script to /home/lcd/uav_ws/install/sjtu_drone_bringup/lib/sjtu_drone_bringup
[0.767s] writing list of installed files to '/home/lcd/uav_ws/build/sjtu_drone_bringup/install.log'
[0.781s] Invoked command in '/home/lcd/uav_ws/src/sjtu_drone_bringup' returned '0': PYTHONPATH=/home/lcd/uav_ws/build/sjtu_drone_bringup/prefix_override:/usr/lib/python3/dist-packages/colcon_core/task/python/colcon_distutils_commands:/home/lcd/uav_ws/install/sjtu_drone_bringup/lib/python3.10/site-packages:${PYTHONPATH} /usr/bin/python3 -W ignore:setup.py install is deprecated -W ignore:easy_install command is deprecated setup.py egg_info --egg-base ../../build/sjtu_drone_bringup build --build-base /home/lcd/uav_ws/build/sjtu_drone_bringup/build install --record /home/lcd/uav_ws/build/sjtu_drone_bringup/install.log --single-version-externally-managed install_data --force
