[0.261s] Invoking command in '/home/lcd/uav_ws/build/sjtu_drone_description': /usr/bin/cmake /home/lcd/uav_ws/src/sjtu_drone_description -DAMENT_CMAKE_SYMLINK_INSTALL=1 -DCMAKE_INSTALL_PREFIX=/home/lcd/uav_ws/install/sjtu_drone_description
[0.387s] -- The C compiler identification is GNU 11.4.0
[0.588s] -- The CXX compiler identification is GNU 11.4.0
[0.764s] -- Detecting C compiler ABI info
[0.863s] -- Detecting C compiler ABI info - done
[0.867s] -- Check for working C compiler: /usr/bin/cc - skipped
[0.868s] -- Detecting C compile features
[0.869s] -- Detecting C compile features - done
[0.871s] -- Detecting CXX compiler ABI info
[1.105s] -- Detecting CXX compiler ABI info - done
[1.109s] -- Check for working CXX compiler: /usr/bin/c++ - skipped
[1.109s] -- Detecting CXX compile features
[1.109s] -- Detecting CXX compile features - done
[1.112s] -- Found PkgConfig: /usr/bin/pkg-config (found version "0.29.2") 
[1.112s] -- Checking for module 'OGRE'
[1.119s] --   Found OGRE, version 1.9.0
[1.135s] -- Checking for module 'OGRE-Terrain'
[1.143s] --   Found OGRE-Terrain, version 1.9.0
[1.172s] -- Found ament_cmake: 1.3.11 (/opt/ros/humble/share/ament_cmake/cmake)
[1.274s] -- Found Python3: /usr/bin/python3 (found version "3.10.12") found components: Interpreter 
[1.335s] -- Override CMake install command with custom implementation using symlinks instead of copying resources
[1.354s] -- Found ament_cmake_ros: 0.10.0 (/opt/ros/humble/share/ament_cmake_ros/cmake)
[1.360s] -- Found rclcpp: 16.0.12 (/opt/ros/humble/share/rclcpp/cmake)
[1.517s] -- Found rosidl_generator_c: 3.1.6 (/opt/ros/humble/share/rosidl_generator_c/cmake)
[1.524s] -- Found rosidl_adapter: 3.1.6 (/opt/ros/humble/share/rosidl_adapter/cmake)
[1.530s] -- Found rosidl_generator_cpp: 3.1.6 (/opt/ros/humble/share/rosidl_generator_cpp/cmake)
[1.539s] -- Using all available rosidl_typesupport_c: rosidl_typesupport_fastrtps_c;rosidl_typesupport_introspection_c
[1.560s] -- Using all available rosidl_typesupport_cpp: rosidl_typesupport_fastrtps_cpp;rosidl_typesupport_introspection_cpp
[1.618s] -- Found rmw_implementation_cmake: 6.1.2 (/opt/ros/humble/share/rmw_implementation_cmake/cmake)
[1.623s] -- Found rmw_fastrtps_cpp: 6.2.7 (/opt/ros/humble/share/rmw_fastrtps_cpp/cmake)
[2.575s] -- Found OpenSSL: /usr/lib/x86_64-linux-gnu/libcrypto.so (found version "3.0.2")  
[3.994s] -- Found FastRTPS: /opt/ros/humble/include  
[6.159s] -- Using RMW implementation 'rmw_fastrtps_cpp' as default
[6.168s] -- Looking for pthread.h
[6.241s] -- Looking for pthread.h - found
[6.241s] -- Performing Test CMAKE_HAVE_LIBC_PTHREAD
[6.338s] -- Performing Test CMAKE_HAVE_LIBC_PTHREAD - Success
[6.339s] -- Found Threads: TRUE  
[6.416s] -- Found gazebo_ros: 3.9.0 (/opt/ros/humble/share/gazebo_ros/cmake)
[6.427s] -- Checking for module 'bullet>=2.82'
[6.435s] --   Found bullet, version 3.05
[6.549s] -- Found fcl: /usr/include (found suitable version "0.7.0", minimum required is "0.5.0") 
[6.596s] -- Found assimp: /usr/include (found version "5.2.0") 
[6.637s] -- Found DART: /usr/include (Required is at least version "6.6") found components: dart 
[6.689s] -- Found Boost: /usr/lib/x86_64-linux-gnu/cmake/Boost-1.74.0/BoostConfig.cmake (found suitable version "1.74.0", minimum required is "1.40.0") found components: thread system filesystem program_options regex iostreams date_time 
[7.022s] -- Found Protobuf: /usr/lib/x86_64-linux-gnu/libprotobuf.so (found version "3.12.4") 
[7.031s] -- Looking for ignition-math6 -- found version 6.15.1
[7.052s] -- Searching for dependencies of ignition-math6
[7.057s] -- Looking for OGRE...
[7.057s] -- OGRE_PREFIX_WATCH changed.
[7.064s] -- Checking for module 'OGRE'
[7.077s] --   Found OGRE, version 1.9.0
[7.120s] -- Found Ogre Ghadamon (1.9.0)
[7.416s] -- Looking for OGRE_Paging...
[7.942s] -- Found OGRE_Paging: optimized;/usr/lib/x86_64-linux-gnu/libOgrePaging.so;debug;/usr/lib/x86_64-linux-gnu/libOgrePaging.so
[7.942s] -- Looking for OGRE_Terrain...
[8.235s] -- Found OGRE_Terrain: optimized;/usr/lib/x86_64-linux-gnu/libOgreTerrain.so;debug;/usr/lib/x86_64-linux-gnu/libOgreTerrain.so
[8.236s] -- Looking for OGRE_Property...
[8.539s] -- Found OGRE_Property: optimized;/usr/lib/x86_64-linux-gnu/libOgreProperty.so;debug;/usr/lib/x86_64-linux-gnu/libOgreProperty.so
[8.539s] -- Looking for OGRE_RTShaderSystem...
[8.742s] -- Found OGRE_RTShaderSystem: optimized;/usr/lib/x86_64-linux-gnu/libOgreRTShaderSystem.so;debug;/usr/lib/x86_64-linux-gnu/libOgreRTShaderSystem.so
[8.742s] -- Looking for OGRE_Volume...
[9.003s] -- Found OGRE_Volume: optimized;/usr/lib/x86_64-linux-gnu/libOgreVolume.so;debug;/usr/lib/x86_64-linux-gnu/libOgreVolume.so
[9.003s] -- Looking for OGRE_Overlay...
[9.542s] -- Found OGRE_Overlay: optimized;/usr/lib/x86_64-linux-gnu/libOgreOverlay.so;debug;/usr/lib/x86_64-linux-gnu/libOgreOverlay.so
[22.278s] -- Looking for ignition-math6 -- found version 6.15.1
[22.285s] -- Looking for ignition-transport8 -- found version 8.2.1
[22.286s] -- Searching for dependencies of ignition-transport8
[23.183s] -- Found Protobuf: /usr/lib/x86_64-linux-gnu/libprotobuf.so (found suitable version "3.12.4", minimum required is "3") 
[24.293s] -- Config-file not installed for ZeroMQ -- checking for pkg-config
[24.299s] -- Checking for module 'libzmq >= 4'
[24.327s] --   Found libzmq , version 4.3.4
[24.375s] -- Found ZeroMQ: TRUE (Required is at least version "4") 
[24.418s] -- Checking for module 'uuid'
[24.433s] --   Found uuid, version 2.37.2
[24.468s] -- Found UUID: TRUE  
[24.472s] -- Looking for ignition-msgs5 -- found version 5.8.1
[24.472s] -- Searching for dependencies of ignition-msgs5
[25.268s] -- Looking for ignition-math6 -- found version 6.15.1
[25.279s] -- Checking for module 'tinyxml2'
[25.294s] --   Found tinyxml2, version 9.0.0
[25.334s] -- Looking for ignition-msgs5 -- found version 5.8.1
[25.338s] -- Looking for ignition-common3 -- found version 3.14.0
[25.338s] -- Searching for dependencies of ignition-common3
[25.363s] -- Looking for dlfcn.h - found
[25.379s] -- Looking for libdl - found
[25.380s] -- Found DL: TRUE  
[25.418s] -- Found tinyobjloader: /usr/lib/x86_64-linux-gnu/cmake/tinyobjloader/tinyobjloader-config.cmake (found version "2.0.0") 
[25.419s] -- Searching for <ignition-common3> component [graphics]
[25.421s] -- Looking for ignition-common3-graphics -- found version 3.14.0
[25.421s] -- Searching for dependencies of ignition-common3-graphics
[25.421s] -- Looking for ignition-math6 -- found version 6.15.1
[25.424s] -- Looking for ignition-fuel_tools4 -- found version 4.4.0
[25.424s] -- Searching for dependencies of ignition-fuel_tools4
[26.262s] -- Found CURL: /usr/lib/x86_64-linux-gnu/libcurl.so (found version "7.81.0")  
[26.277s] -- Checking for module 'jsoncpp'
[26.291s] --   Found jsoncpp, version 1.9.5
[26.321s] -- Found JSONCPP: TRUE  
[26.329s] -- Checking for module 'libzip'
[26.338s] --   Found libzip, version 1.7.3
[26.363s] -- Found ZIP: TRUE  
[26.363s] -- Looking for ignition-common3 -- found version 3.14.0
[26.364s] -- Looking for ignition-math6 -- found version 6.15.1
[26.364s] -- Looking for ignition-msgs5 -- found version 5.8.1
[26.371s] -- Gazebo version: 11.10
[26.371s] -- Checking for module 'tbb'
[26.383s] --   Found tbb, version 2021.5.0
[26.417s] -- Found gazebo_plugins: 3.9.0 (/opt/ros/humble/share/gazebo_plugins/cmake)
[26.507s] -- Found sensor_msgs: 4.9.0 (/opt/ros/humble/share/sensor_msgs/cmake)
[26.524s] -- Found nav_msgs: 4.9.0 (/opt/ros/humble/share/nav_msgs/cmake)
[26.545s] -- Found tf2: 0.25.13 (/opt/ros/humble/share/tf2/cmake)
[26.553s] -- Found tf2_ros: 0.25.13 (/opt/ros/humble/share/tf2_ros/cmake)
[26.629s] -- Found tf2_geometry_msgs: 0.25.13 (/opt/ros/humble/share/tf2_geometry_msgs/cmake)
[26.647s] -- Found eigen3_cmake_module: 0.1.1 (/opt/ros/humble/share/eigen3_cmake_module/cmake)
[26.648s] -- Found Eigen3: TRUE (found version "3.4.0") 
[26.648s] -- Ensuring Eigen3 include directory is part of orocos-kdl CMake target
[26.659s] -- Found ament_lint_auto: 0.12.12 (/opt/ros/humble/share/ament_lint_auto/cmake)
[26.718s] -- Added test 'cppcheck' to perform static code analysis on C / C++ code
[26.718s] -- Configured cppcheck include dirs: /home/lcd/uav_ws/src/sjtu_drone_description/include;$<BUILD_INTERFACE:/home/lcd/uav_ws/src/sjtu_drone_description/include>
[26.718s] -- Configured cppcheck exclude dirs and/or files: 
[26.719s] -- Added test 'lint_cmake' to check CMake code style
[26.721s] -- Added test 'uncrustify' to check C / C++ code style
[26.721s] -- Configured uncrustify additional arguments: 
[26.721s] -- Added test 'xmllint' to check XML markup files
[26.724s] -- Configuring done
[26.810s] -- Generating done
[26.816s] -- Build files have been written to: /home/lcd/uav_ws/build/sjtu_drone_description
[26.825s] Invoked command in '/home/lcd/uav_ws/build/sjtu_drone_description' returned '0': /usr/bin/cmake /home/lcd/uav_ws/src/sjtu_drone_description -DAMENT_CMAKE_SYMLINK_INSTALL=1 -DCMAKE_INSTALL_PREFIX=/home/lcd/uav_ws/install/sjtu_drone_description
[26.827s] Invoking command in '/home/lcd/uav_ws/build/sjtu_drone_description': /usr/bin/cmake --build /home/lcd/uav_ws/build/sjtu_drone_description -- -j32 -l32
[26.855s] [ 16%] [32mBuilding CXX object CMakeFiles/payload_swing_damper.dir/src/payload_swing_damper.cpp.o[0m
[26.855s] [ 50%] [32mBuilding CXX object CMakeFiles/plugin_drone.dir/src/pid_controller.cpp.o[0m
[26.855s] [ 50%] [32mBuilding CXX object CMakeFiles/plugin_drone.dir/src/plugin_drone_private.cpp.o[0m
[26.855s] [ 66%] [32mBuilding CXX object CMakeFiles/plugin_drone.dir/src/plugin_drone.cpp.o[0m
[37.129s] [ 83%] [32m[1mLinking CXX shared library /home/lcd/uav_ws/src/sjtu_drone_description/plugins/libpayload_swing_damper.so[0m
[37.648s] [ 83%] Built target payload_swing_damper
[47.659s] [100%] [32m[1mLinking CXX shared library /home/lcd/uav_ws/src/sjtu_drone_description/plugins/libplugin_drone.so[0m
[49.113s] [100%] Built target plugin_drone
[49.122s] Invoked command in '/home/lcd/uav_ws/build/sjtu_drone_description' returned '0': /usr/bin/cmake --build /home/lcd/uav_ws/build/sjtu_drone_description -- -j32 -l32
[49.128s] Invoking command in '/home/lcd/uav_ws/build/sjtu_drone_description': /usr/bin/cmake --install /home/lcd/uav_ws/build/sjtu_drone_description
[49.132s] -- Install configuration: ""
[49.133s] -- Execute custom install script
[49.134s] -- Symlinking: /home/lcd/uav_ws/install/sjtu_drone_description/share/sjtu_drone_description/environment/library_path.sh
[49.139s] -- Symlinking: /home/lcd/uav_ws/install/sjtu_drone_description/share/sjtu_drone_description/environment/library_path.dsv
[49.145s] -- Symlinking: /home/lcd/uav_ws/install/sjtu_drone_description/include/sjtu_drone_description/pid_controller.h
[49.149s] -- Symlinking: /home/lcd/uav_ws/install/sjtu_drone_description/include/sjtu_drone_description/plugin_drone.h
[49.154s] -- Symlinking: /home/lcd/uav_ws/install/sjtu_drone_description/include/sjtu_drone_description/plugin_drone_private.h
[49.158s] -- Symlinking: /home/lcd/uav_ws/install/sjtu_drone_description/share/sjtu_drone_description/models/database.config
[49.163s] -- Symlinking: /home/lcd/uav_ws/install/sjtu_drone_description/share/sjtu_drone_description/models/sjtu_drone/model.config
[49.170s] -- Symlinking: /home/lcd/uav_ws/install/sjtu_drone_description/share/sjtu_drone_description/models/sjtu_drone/quadrotor_4.dae
[49.176s] -- Symlinking: /home/lcd/uav_ws/install/sjtu_drone_description/share/sjtu_drone_description/models/sjtu_drone/quadrotor_4.stl
[49.181s] -- Symlinking: /home/lcd/uav_ws/install/sjtu_drone_description/share/sjtu_drone_description/models/sjtu_drone/sjtu_drone.sdf
[49.188s] -- Symlinking: /home/lcd/uav_ws/install/sjtu_drone_description/share/sjtu_drone_description/urdf/flexible_cable.xacro
[49.196s] -- Symlinking: /home/lcd/uav_ws/install/sjtu_drone_description/share/sjtu_drone_description/urdf/sjtu_drone.urdf.xacro
[49.204s] -- Symlinking: /home/lcd/uav_ws/install/sjtu_drone_description/share/sjtu_drone_description/worlds/playground.world
[49.210s] -- Symlinking: /home/lcd/uav_ws/install/sjtu_drone_description/share/ament_index/resource_index/package_run_dependencies/sjtu_drone_description
[49.216s] -- Symlinking: /home/lcd/uav_ws/install/sjtu_drone_description/share/ament_index/resource_index/parent_prefix_path/sjtu_drone_description
[49.221s] -- Symlinking: /home/lcd/uav_ws/install/sjtu_drone_description/share/sjtu_drone_description/environment/ament_prefix_path.sh
[49.226s] -- Symlinking: /home/lcd/uav_ws/install/sjtu_drone_description/share/sjtu_drone_description/environment/ament_prefix_path.dsv
[49.232s] -- Symlinking: /home/lcd/uav_ws/install/sjtu_drone_description/share/sjtu_drone_description/environment/path.sh
[49.239s] -- Symlinking: /home/lcd/uav_ws/install/sjtu_drone_description/share/sjtu_drone_description/environment/path.dsv
[49.244s] -- Symlinking: /home/lcd/uav_ws/install/sjtu_drone_description/share/sjtu_drone_description/local_setup.bash
[49.249s] -- Symlinking: /home/lcd/uav_ws/install/sjtu_drone_description/share/sjtu_drone_description/local_setup.sh
[49.255s] -- Symlinking: /home/lcd/uav_ws/install/sjtu_drone_description/share/sjtu_drone_description/local_setup.zsh
[49.262s] -- Symlinking: /home/lcd/uav_ws/install/sjtu_drone_description/share/sjtu_drone_description/local_setup.dsv
[49.269s] -- Symlinking: /home/lcd/uav_ws/install/sjtu_drone_description/share/sjtu_drone_description/package.dsv
[49.280s] -- Symlinking: /home/lcd/uav_ws/install/sjtu_drone_description/share/ament_index/resource_index/packages/sjtu_drone_description
[49.291s] -- Symlinking: /home/lcd/uav_ws/install/sjtu_drone_description/share/sjtu_drone_description/cmake/ament_cmake_export_libraries-extras.cmake
[49.300s] -- Symlinking: /home/lcd/uav_ws/install/sjtu_drone_description/share/sjtu_drone_description/cmake/ament_cmake_export_include_directories-extras.cmake
[49.311s] -- Symlinking: /home/lcd/uav_ws/install/sjtu_drone_description/share/sjtu_drone_description/cmake/ament_cmake_export_targets-extras.cmake
[49.322s] -- Symlinking: /home/lcd/uav_ws/install/sjtu_drone_description/share/sjtu_drone_description/cmake/sjtu_drone_descriptionConfig.cmake
[49.334s] -- Symlinking: /home/lcd/uav_ws/install/sjtu_drone_description/share/sjtu_drone_description/cmake/sjtu_drone_descriptionConfig-version.cmake
[49.345s] -- Symlinking: /home/lcd/uav_ws/install/sjtu_drone_description/share/sjtu_drone_description/package.xml
[49.358s] -- Installing: /home/lcd/uav_ws/install/sjtu_drone_description/lib/libpayload_swing_damper.so
[49.366s] -- Set runtime path of "/home/lcd/uav_ws/install/sjtu_drone_description/lib/libpayload_swing_damper.so" to ""
[49.366s] -- Installing: /home/lcd/uav_ws/install/sjtu_drone_description/lib/libplugin_drone.so
[49.379s] -- Set runtime path of "/home/lcd/uav_ws/install/sjtu_drone_description/lib/libplugin_drone.so" to ""
[49.379s] -- Installing: /home/lcd/uav_ws/install/sjtu_drone_description/share/sjtu_drone_description/cmake/export_sjtu_drone_descriptionExport.cmake
[49.379s] -- Installing: /home/lcd/uav_ws/install/sjtu_drone_description/share/sjtu_drone_description/cmake/export_sjtu_drone_descriptionExport-noconfig.cmake
[49.381s] Invoked command in '/home/lcd/uav_ws/build/sjtu_drone_description' returned '0': /usr/bin/cmake --install /home/lcd/uav_ws/build/sjtu_drone_description
