/home/lcd/uav_ws/install/sjtu_drone_control/lib/python3.10/site-packages/sjtu_drone_control/plot_tools.py
/home/lcd/uav_ws/install/sjtu_drone_control/lib/python3.10/site-packages/sjtu_drone_control/payload_controller.py
/home/lcd/uav_ws/install/sjtu_drone_control/lib/python3.10/site-packages/sjtu_drone_control/open_loop_control.py
/home/lcd/uav_ws/install/sjtu_drone_control/lib/python3.10/site-packages/sjtu_drone_control/teleop.py
/home/lcd/uav_ws/install/sjtu_drone_control/lib/python3.10/site-packages/sjtu_drone_control/teleop_joystick.py
/home/lcd/uav_ws/install/sjtu_drone_control/lib/python3.10/site-packages/sjtu_drone_control/drone_position_control.py
/home/lcd/uav_ws/install/sjtu_drone_control/lib/python3.10/site-packages/sjtu_drone_control/listen_gt_acc.py
/home/lcd/uav_ws/install/sjtu_drone_control/lib/python3.10/site-packages/sjtu_drone_control/payload_mpc_controller.py
/home/lcd/uav_ws/install/sjtu_drone_control/lib/python3.10/site-packages/sjtu_drone_control/__init__.py
/home/lcd/uav_ws/install/sjtu_drone_control/lib/python3.10/site-packages/sjtu_drone_control/drone_utils/drone_object.py
/home/lcd/uav_ws/install/sjtu_drone_control/lib/python3.10/site-packages/sjtu_drone_control/drone_utils/controllers.py
/home/lcd/uav_ws/install/sjtu_drone_control/lib/python3.10/site-packages/sjtu_drone_control/drone_utils/__init__.py
/home/lcd/uav_ws/install/sjtu_drone_control/lib/python3.10/site-packages/sjtu_drone_control/__pycache__/plot_tools.cpython-310.pyc
/home/lcd/uav_ws/install/sjtu_drone_control/lib/python3.10/site-packages/sjtu_drone_control/__pycache__/payload_controller.cpython-310.pyc
/home/lcd/uav_ws/install/sjtu_drone_control/lib/python3.10/site-packages/sjtu_drone_control/__pycache__/open_loop_control.cpython-310.pyc
/home/lcd/uav_ws/install/sjtu_drone_control/lib/python3.10/site-packages/sjtu_drone_control/__pycache__/teleop.cpython-310.pyc
/home/lcd/uav_ws/install/sjtu_drone_control/lib/python3.10/site-packages/sjtu_drone_control/__pycache__/teleop_joystick.cpython-310.pyc
/home/lcd/uav_ws/install/sjtu_drone_control/lib/python3.10/site-packages/sjtu_drone_control/__pycache__/drone_position_control.cpython-310.pyc
/home/lcd/uav_ws/install/sjtu_drone_control/lib/python3.10/site-packages/sjtu_drone_control/__pycache__/listen_gt_acc.cpython-310.pyc
/home/lcd/uav_ws/install/sjtu_drone_control/lib/python3.10/site-packages/sjtu_drone_control/__pycache__/payload_mpc_controller.cpython-310.pyc
/home/lcd/uav_ws/install/sjtu_drone_control/lib/python3.10/site-packages/sjtu_drone_control/__pycache__/__init__.cpython-310.pyc
/home/lcd/uav_ws/install/sjtu_drone_control/lib/python3.10/site-packages/sjtu_drone_control/drone_utils/__pycache__/drone_object.cpython-310.pyc
/home/lcd/uav_ws/install/sjtu_drone_control/lib/python3.10/site-packages/sjtu_drone_control/drone_utils/__pycache__/controllers.cpython-310.pyc
/home/lcd/uav_ws/install/sjtu_drone_control/lib/python3.10/site-packages/sjtu_drone_control/drone_utils/__pycache__/__init__.cpython-310.pyc
/home/lcd/uav_ws/install/sjtu_drone_control/share/ament_index/resource_index/packages/sjtu_drone_control
/home/lcd/uav_ws/install/sjtu_drone_control/share/sjtu_drone_control/package.xml
/home/lcd/uav_ws/install/sjtu_drone_control/lib/python3.10/site-packages/sjtu_drone_control-0.0.0-py3.10.egg-info/dependency_links.txt
/home/lcd/uav_ws/install/sjtu_drone_control/lib/python3.10/site-packages/sjtu_drone_control-0.0.0-py3.10.egg-info/PKG-INFO
/home/lcd/uav_ws/install/sjtu_drone_control/lib/python3.10/site-packages/sjtu_drone_control-0.0.0-py3.10.egg-info/top_level.txt
/home/lcd/uav_ws/install/sjtu_drone_control/lib/python3.10/site-packages/sjtu_drone_control-0.0.0-py3.10.egg-info/SOURCES.txt
/home/lcd/uav_ws/install/sjtu_drone_control/lib/python3.10/site-packages/sjtu_drone_control-0.0.0-py3.10.egg-info/zip-safe
/home/lcd/uav_ws/install/sjtu_drone_control/lib/python3.10/site-packages/sjtu_drone_control-0.0.0-py3.10.egg-info/requires.txt
/home/lcd/uav_ws/install/sjtu_drone_control/lib/python3.10/site-packages/sjtu_drone_control-0.0.0-py3.10.egg-info/entry_points.txt
/home/lcd/uav_ws/install/sjtu_drone_control/lib/sjtu_drone_control/drone_position_control
/home/lcd/uav_ws/install/sjtu_drone_control/lib/sjtu_drone_control/listen_gt_acc
/home/lcd/uav_ws/install/sjtu_drone_control/lib/sjtu_drone_control/open_loop_control
/home/lcd/uav_ws/install/sjtu_drone_control/lib/sjtu_drone_control/payload_controller
/home/lcd/uav_ws/install/sjtu_drone_control/lib/sjtu_drone_control/payload_mpc_controller
/home/lcd/uav_ws/install/sjtu_drone_control/lib/sjtu_drone_control/plot_tools
/home/lcd/uav_ws/install/sjtu_drone_control/lib/sjtu_drone_control/teleop
/home/lcd/uav_ws/install/sjtu_drone_control/lib/sjtu_drone_control/teleop_joystick
