[0.443s] Invoking command in '/home/lcd/uav_ws/build/sjtu_drone_control': PYTHONPATH=/home/lcd/uav_ws/build/sjtu_drone_control/prefix_override:/usr/lib/python3/dist-packages/colcon_core/task/python/colcon_distutils_commands:/home/lcd/uav_ws/install/sjtu_drone_control/lib/python3.10/site-packages:${PYTHONPATH} /usr/bin/python3 -W ignore:setup.py install is deprecated -W ignore:easy_install command is deprecated setup.py develop --uninstall --editable --build-directory /home/lcd/uav_ws/build/sjtu_drone_control/build
[0.554s] running develop
[0.618s] Removing /home/lcd/uav_ws/install/sjtu_drone_control/lib/python3.10/site-packages/sjtu-drone-control.egg-link (link to .)
[0.633s] Invoked command in '/home/lcd/uav_ws/build/sjtu_drone_control' returned '0': PYTHONPATH=/home/lcd/uav_ws/build/sjtu_drone_control/prefix_override:/usr/lib/python3/dist-packages/colcon_core/task/python/colcon_distutils_commands:/home/lcd/uav_ws/install/sjtu_drone_control/lib/python3.10/site-packages:${PYTHONPATH} /usr/bin/python3 -W ignore:setup.py install is deprecated -W ignore:easy_install command is deprecated setup.py develop --uninstall --editable --build-directory /home/lcd/uav_ws/build/sjtu_drone_control/build
[0.634s] Invoking command in '/home/lcd/uav_ws/src/sjtu_drone_control': PYTHONPATH=/home/lcd/uav_ws/build/sjtu_drone_control/prefix_override:/usr/lib/python3/dist-packages/colcon_core/task/python/colcon_distutils_commands:/home/lcd/uav_ws/install/sjtu_drone_control/lib/python3.10/site-packages:${PYTHONPATH} /usr/bin/python3 -W ignore:setup.py install is deprecated -W ignore:easy_install command is deprecated setup.py egg_info --egg-base ../../build/sjtu_drone_control build --build-base /home/lcd/uav_ws/build/sjtu_drone_control/build install --record /home/lcd/uav_ws/build/sjtu_drone_control/install.log --single-version-externally-managed install_data --force
[0.740s] running egg_info
[0.741s] writing ../../build/sjtu_drone_control/sjtu_drone_control.egg-info/PKG-INFO
[0.741s] writing dependency_links to ../../build/sjtu_drone_control/sjtu_drone_control.egg-info/dependency_links.txt
[0.741s] writing entry points to ../../build/sjtu_drone_control/sjtu_drone_control.egg-info/entry_points.txt
[0.741s] writing requirements to ../../build/sjtu_drone_control/sjtu_drone_control.egg-info/requires.txt
[0.741s] writing top-level names to ../../build/sjtu_drone_control/sjtu_drone_control.egg-info/top_level.txt
[0.743s] reading manifest file '../../build/sjtu_drone_control/sjtu_drone_control.egg-info/SOURCES.txt'
[0.743s] writing manifest file '../../build/sjtu_drone_control/sjtu_drone_control.egg-info/SOURCES.txt'
[0.743s] running build
[0.743s] running build_py
[0.743s] creating /home/lcd/uav_ws/build/sjtu_drone_control/build
[0.743s] creating /home/lcd/uav_ws/build/sjtu_drone_control/build/lib
[0.743s] creating /home/lcd/uav_ws/build/sjtu_drone_control/build/lib/sjtu_drone_control
[0.743s] copying sjtu_drone_control/plot_tools.py -> /home/lcd/uav_ws/build/sjtu_drone_control/build/lib/sjtu_drone_control
[0.744s] copying sjtu_drone_control/payload_controller.py -> /home/lcd/uav_ws/build/sjtu_drone_control/build/lib/sjtu_drone_control
[0.744s] copying sjtu_drone_control/open_loop_control.py -> /home/lcd/uav_ws/build/sjtu_drone_control/build/lib/sjtu_drone_control
[0.745s] copying sjtu_drone_control/teleop.py -> /home/lcd/uav_ws/build/sjtu_drone_control/build/lib/sjtu_drone_control
[0.745s] copying sjtu_drone_control/teleop_joystick.py -> /home/lcd/uav_ws/build/sjtu_drone_control/build/lib/sjtu_drone_control
[0.746s] copying sjtu_drone_control/drone_position_control.py -> /home/lcd/uav_ws/build/sjtu_drone_control/build/lib/sjtu_drone_control
[0.746s] copying sjtu_drone_control/__init__.py -> /home/lcd/uav_ws/build/sjtu_drone_control/build/lib/sjtu_drone_control
[0.746s] creating /home/lcd/uav_ws/build/sjtu_drone_control/build/lib/sjtu_drone_control/drone_utils
[0.746s] copying sjtu_drone_control/drone_utils/drone_object.py -> /home/lcd/uav_ws/build/sjtu_drone_control/build/lib/sjtu_drone_control/drone_utils
[0.747s] copying sjtu_drone_control/drone_utils/controllers.py -> /home/lcd/uav_ws/build/sjtu_drone_control/build/lib/sjtu_drone_control/drone_utils
[0.747s] copying sjtu_drone_control/drone_utils/__init__.py -> /home/lcd/uav_ws/build/sjtu_drone_control/build/lib/sjtu_drone_control/drone_utils
[0.747s] running install
[0.747s] running install_lib
[0.748s] creating /home/lcd/uav_ws/install/sjtu_drone_control/lib/python3.10/site-packages/sjtu_drone_control
[0.748s] creating /home/lcd/uav_ws/install/sjtu_drone_control/lib/python3.10/site-packages/sjtu_drone_control/drone_utils
[0.748s] copying /home/lcd/uav_ws/build/sjtu_drone_control/build/lib/sjtu_drone_control/drone_utils/drone_object.py -> /home/lcd/uav_ws/install/sjtu_drone_control/lib/python3.10/site-packages/sjtu_drone_control/drone_utils
[0.748s] copying /home/lcd/uav_ws/build/sjtu_drone_control/build/lib/sjtu_drone_control/drone_utils/controllers.py -> /home/lcd/uav_ws/install/sjtu_drone_control/lib/python3.10/site-packages/sjtu_drone_control/drone_utils
[0.748s] copying /home/lcd/uav_ws/build/sjtu_drone_control/build/lib/sjtu_drone_control/drone_utils/__init__.py -> /home/lcd/uav_ws/install/sjtu_drone_control/lib/python3.10/site-packages/sjtu_drone_control/drone_utils
[0.748s] copying /home/lcd/uav_ws/build/sjtu_drone_control/build/lib/sjtu_drone_control/plot_tools.py -> /home/lcd/uav_ws/install/sjtu_drone_control/lib/python3.10/site-packages/sjtu_drone_control
[0.748s] copying /home/lcd/uav_ws/build/sjtu_drone_control/build/lib/sjtu_drone_control/payload_controller.py -> /home/lcd/uav_ws/install/sjtu_drone_control/lib/python3.10/site-packages/sjtu_drone_control
[0.749s] copying /home/lcd/uav_ws/build/sjtu_drone_control/build/lib/sjtu_drone_control/open_loop_control.py -> /home/lcd/uav_ws/install/sjtu_drone_control/lib/python3.10/site-packages/sjtu_drone_control
[0.749s] copying /home/lcd/uav_ws/build/sjtu_drone_control/build/lib/sjtu_drone_control/teleop.py -> /home/lcd/uav_ws/install/sjtu_drone_control/lib/python3.10/site-packages/sjtu_drone_control
[0.749s] copying /home/lcd/uav_ws/build/sjtu_drone_control/build/lib/sjtu_drone_control/teleop_joystick.py -> /home/lcd/uav_ws/install/sjtu_drone_control/lib/python3.10/site-packages/sjtu_drone_control
[0.749s] copying /home/lcd/uav_ws/build/sjtu_drone_control/build/lib/sjtu_drone_control/drone_position_control.py -> /home/lcd/uav_ws/install/sjtu_drone_control/lib/python3.10/site-packages/sjtu_drone_control
[0.749s] copying /home/lcd/uav_ws/build/sjtu_drone_control/build/lib/sjtu_drone_control/__init__.py -> /home/lcd/uav_ws/install/sjtu_drone_control/lib/python3.10/site-packages/sjtu_drone_control
[0.749s] byte-compiling /home/lcd/uav_ws/install/sjtu_drone_control/lib/python3.10/site-packages/sjtu_drone_control/drone_utils/drone_object.py to drone_object.cpython-310.pyc
[0.750s] byte-compiling /home/lcd/uav_ws/install/sjtu_drone_control/lib/python3.10/site-packages/sjtu_drone_control/drone_utils/controllers.py to controllers.cpython-310.pyc
[0.751s] byte-compiling /home/lcd/uav_ws/install/sjtu_drone_control/lib/python3.10/site-packages/sjtu_drone_control/drone_utils/__init__.py to __init__.cpython-310.pyc
[0.751s] byte-compiling /home/lcd/uav_ws/install/sjtu_drone_control/lib/python3.10/site-packages/sjtu_drone_control/plot_tools.py to plot_tools.cpython-310.pyc
[0.752s] byte-compiling /home/lcd/uav_ws/install/sjtu_drone_control/lib/python3.10/site-packages/sjtu_drone_control/payload_controller.py to payload_controller.cpython-310.pyc
[0.752s] byte-compiling /home/lcd/uav_ws/install/sjtu_drone_control/lib/python3.10/site-packages/sjtu_drone_control/open_loop_control.py to open_loop_control.cpython-310.pyc
[0.753s] byte-compiling /home/lcd/uav_ws/install/sjtu_drone_control/lib/python3.10/site-packages/sjtu_drone_control/teleop.py to teleop.cpython-310.pyc
[0.753s] byte-compiling /home/lcd/uav_ws/install/sjtu_drone_control/lib/python3.10/site-packages/sjtu_drone_control/teleop_joystick.py to teleop_joystick.cpython-310.pyc
[0.754s] byte-compiling /home/lcd/uav_ws/install/sjtu_drone_control/lib/python3.10/site-packages/sjtu_drone_control/drone_position_control.py to drone_position_control.cpython-310.pyc
[0.754s] byte-compiling /home/lcd/uav_ws/install/sjtu_drone_control/lib/python3.10/site-packages/sjtu_drone_control/__init__.py to __init__.cpython-310.pyc
[0.754s] running install_data
[0.754s] copying resource/sjtu_drone_control -> /home/lcd/uav_ws/install/sjtu_drone_control/share/ament_index/resource_index/packages
[0.754s] copying package.xml -> /home/lcd/uav_ws/install/sjtu_drone_control/share/sjtu_drone_control
[0.754s] running install_egg_info
[0.755s] Copying ../../build/sjtu_drone_control/sjtu_drone_control.egg-info to /home/lcd/uav_ws/install/sjtu_drone_control/lib/python3.10/site-packages/sjtu_drone_control-0.0.0-py3.10.egg-info
[0.756s] running install_scripts
[0.767s] Installing drone_position_control script to /home/lcd/uav_ws/install/sjtu_drone_control/lib/sjtu_drone_control
[0.767s] Installing open_loop_control script to /home/lcd/uav_ws/install/sjtu_drone_control/lib/sjtu_drone_control
[0.767s] Installing payload_controller script to /home/lcd/uav_ws/install/sjtu_drone_control/lib/sjtu_drone_control
[0.767s] Installing plot_tools script to /home/lcd/uav_ws/install/sjtu_drone_control/lib/sjtu_drone_control
[0.767s] Installing teleop script to /home/lcd/uav_ws/install/sjtu_drone_control/lib/sjtu_drone_control
[0.768s] Installing teleop_joystick script to /home/lcd/uav_ws/install/sjtu_drone_control/lib/sjtu_drone_control
[0.768s] writing list of installed files to '/home/lcd/uav_ws/build/sjtu_drone_control/install.log'
[0.783s] Invoked command in '/home/lcd/uav_ws/src/sjtu_drone_control' returned '0': PYTHONPATH=/home/lcd/uav_ws/build/sjtu_drone_control/prefix_override:/usr/lib/python3/dist-packages/colcon_core/task/python/colcon_distutils_commands:/home/lcd/uav_ws/install/sjtu_drone_control/lib/python3.10/site-packages:${PYTHONPATH} /usr/bin/python3 -W ignore:setup.py install is deprecated -W ignore:easy_install command is deprecated setup.py egg_info --egg-base ../../build/sjtu_drone_control build --build-base /home/lcd/uav_ws/build/sjtu_drone_control/build install --record /home/lcd/uav_ws/build/sjtu_drone_control/install.log --single-version-externally-managed install_data --force
