[0.455s] Invoking command in '/home/lcd/uav_ws/build/sjtu_drone_control': PYTHONPATH=/home/lcd/uav_ws/build/sjtu_drone_control/prefix_override:/usr/lib/python3/dist-packages/colcon_core/task/python/colcon_distutils_commands:/home/lcd/uav_ws/install/sjtu_drone_control/lib/python3.10/site-packages:${PYTHONPATH} /usr/bin/python3 -W ignore:setup.py install is deprecated -W ignore:easy_install command is deprecated setup.py develop --editable --build-directory /home/lcd/uav_ws/build/sjtu_drone_control/build --no-deps symlink_data
[0.581s] running develop
[0.650s] running egg_info
[0.650s] creating sjtu_drone_control.egg-info
[0.650s] writing sjtu_drone_control.egg-info/PKG-INFO
[0.651s] writing dependency_links to sjtu_drone_control.egg-info/dependency_links.txt
[0.651s] writing entry points to sjtu_drone_control.egg-info/entry_points.txt
[0.651s] writing requirements to sjtu_drone_control.egg-info/requires.txt
[0.651s] writing top-level names to sjtu_drone_control.egg-info/top_level.txt
[0.651s] writing manifest file 'sjtu_drone_control.egg-info/SOURCES.txt'
[0.652s] reading manifest file 'sjtu_drone_control.egg-info/SOURCES.txt'
[0.653s] writing manifest file 'sjtu_drone_control.egg-info/SOURCES.txt'
[0.654s] running build_ext
[0.654s] Creating /home/lcd/uav_ws/install/sjtu_drone_control/lib/python3.10/site-packages/sjtu-drone-control.egg-link (link to .)
[0.654s] Installing drone_position_control script to /home/lcd/uav_ws/install/sjtu_drone_control/lib/sjtu_drone_control
[0.654s] Installing open_loop_control script to /home/lcd/uav_ws/install/sjtu_drone_control/lib/sjtu_drone_control
[0.654s] Installing payload_controller script to /home/lcd/uav_ws/install/sjtu_drone_control/lib/sjtu_drone_control
[0.655s] Installing plot_tools script to /home/lcd/uav_ws/install/sjtu_drone_control/lib/sjtu_drone_control
[0.655s] Installing teleop script to /home/lcd/uav_ws/install/sjtu_drone_control/lib/sjtu_drone_control
[0.655s] Installing teleop_joystick script to /home/lcd/uav_ws/install/sjtu_drone_control/lib/sjtu_drone_control
[0.655s] 
[0.655s] Installed /home/lcd/uav_ws/build/sjtu_drone_control
[0.655s] running symlink_data
[0.655s] creating /home/lcd/uav_ws/install/sjtu_drone_control/share/ament_index
[0.655s] creating /home/lcd/uav_ws/install/sjtu_drone_control/share/ament_index/resource_index
[0.655s] creating /home/lcd/uav_ws/install/sjtu_drone_control/share/ament_index/resource_index/packages
[0.655s] symbolically linking /home/lcd/uav_ws/build/sjtu_drone_control/resource/sjtu_drone_control -> /home/lcd/uav_ws/install/sjtu_drone_control/share/ament_index/resource_index/packages
[0.655s] symbolically linking /home/lcd/uav_ws/build/sjtu_drone_control/package.xml -> /home/lcd/uav_ws/install/sjtu_drone_control/share/sjtu_drone_control
[0.677s] Invoked command in '/home/lcd/uav_ws/build/sjtu_drone_control' returned '0': PYTHONPATH=/home/lcd/uav_ws/build/sjtu_drone_control/prefix_override:/usr/lib/python3/dist-packages/colcon_core/task/python/colcon_distutils_commands:/home/lcd/uav_ws/install/sjtu_drone_control/lib/python3.10/site-packages:${PYTHONPATH} /usr/bin/python3 -W ignore:setup.py install is deprecated -W ignore:easy_install command is deprecated setup.py develop --editable --build-directory /home/lcd/uav_ws/build/sjtu_drone_control/build --no-deps symlink_data
