[0.481s] Invoking command in '/home/lcd/uav_ws/src/sjtu_drone_control': PYTHONPATH=/home/lcd/uav_ws/build/sjtu_drone_control/prefix_override:/usr/lib/python3/dist-packages/colcon_core/task/python/colcon_distutils_commands:/home/lcd/uav_ws/install/sjtu_drone_control/lib/python3.10/site-packages:${PYTHONPATH} /usr/bin/python3 -W ignore:setup.py install is deprecated -W ignore:easy_install command is deprecated setup.py egg_info --egg-base ../../build/sjtu_drone_control build --build-base /home/lcd/uav_ws/build/sjtu_drone_control/build install --record /home/lcd/uav_ws/build/sjtu_drone_control/install.log --single-version-externally-managed install_data
[0.583s] running egg_info
[0.583s] writing ../../build/sjtu_drone_control/sjtu_drone_control.egg-info/PKG-INFO
[0.583s] writing dependency_links to ../../build/sjtu_drone_control/sjtu_drone_control.egg-info/dependency_links.txt
[0.584s] writing entry points to ../../build/sjtu_drone_control/sjtu_drone_control.egg-info/entry_points.txt
[0.584s] writing requirements to ../../build/sjtu_drone_control/sjtu_drone_control.egg-info/requires.txt
[0.584s] writing top-level names to ../../build/sjtu_drone_control/sjtu_drone_control.egg-info/top_level.txt
[0.585s] reading manifest file '../../build/sjtu_drone_control/sjtu_drone_control.egg-info/SOURCES.txt'
[0.587s] writing manifest file '../../build/sjtu_drone_control/sjtu_drone_control.egg-info/SOURCES.txt'
[0.587s] running build
[0.587s] running build_py
[0.587s] copying sjtu_drone_control/payload_mpc_controller.py -> /home/lcd/uav_ws/build/sjtu_drone_control/build/lib/sjtu_drone_control
[0.588s] running install
[0.588s] running install_lib
[0.589s] copying /home/lcd/uav_ws/build/sjtu_drone_control/build/lib/sjtu_drone_control/payload_mpc_controller.py -> /home/lcd/uav_ws/install/sjtu_drone_control/lib/python3.10/site-packages/sjtu_drone_control
[0.591s] byte-compiling /home/lcd/uav_ws/install/sjtu_drone_control/lib/python3.10/site-packages/sjtu_drone_control/payload_mpc_controller.py to payload_mpc_controller.cpython-310.pyc
[0.592s] running install_data
[0.592s] running install_egg_info
[0.594s] removing '/home/lcd/uav_ws/install/sjtu_drone_control/lib/python3.10/site-packages/sjtu_drone_control-0.0.0-py3.10.egg-info' (and everything under it)
[0.594s] Copying ../../build/sjtu_drone_control/sjtu_drone_control.egg-info to /home/lcd/uav_ws/install/sjtu_drone_control/lib/python3.10/site-packages/sjtu_drone_control-0.0.0-py3.10.egg-info
[0.595s] running install_scripts
[0.605s] Installing drone_position_control script to /home/lcd/uav_ws/install/sjtu_drone_control/lib/sjtu_drone_control
[0.605s] Installing listen_gt_acc script to /home/lcd/uav_ws/install/sjtu_drone_control/lib/sjtu_drone_control
[0.605s] Installing open_loop_control script to /home/lcd/uav_ws/install/sjtu_drone_control/lib/sjtu_drone_control
[0.605s] Installing payload_controller script to /home/lcd/uav_ws/install/sjtu_drone_control/lib/sjtu_drone_control
[0.605s] Installing payload_mpc_controller script to /home/lcd/uav_ws/install/sjtu_drone_control/lib/sjtu_drone_control
[0.605s] Installing plot_tools script to /home/lcd/uav_ws/install/sjtu_drone_control/lib/sjtu_drone_control
[0.605s] Installing teleop script to /home/lcd/uav_ws/install/sjtu_drone_control/lib/sjtu_drone_control
[0.605s] Installing teleop_joystick script to /home/lcd/uav_ws/install/sjtu_drone_control/lib/sjtu_drone_control
[0.606s] writing list of installed files to '/home/lcd/uav_ws/build/sjtu_drone_control/install.log'
[0.626s] Invoked command in '/home/lcd/uav_ws/src/sjtu_drone_control' returned '0': PYTHONPATH=/home/lcd/uav_ws/build/sjtu_drone_control/prefix_override:/usr/lib/python3/dist-packages/colcon_core/task/python/colcon_distutils_commands:/home/lcd/uav_ws/install/sjtu_drone_control/lib/python3.10/site-packages:${PYTHONPATH} /usr/bin/python3 -W ignore:setup.py install is deprecated -W ignore:easy_install command is deprecated setup.py egg_info --egg-base ../../build/sjtu_drone_control build --build-base /home/lcd/uav_ws/build/sjtu_drone_control/build install --record /home/lcd/uav_ws/build/sjtu_drone_control/install.log --single-version-externally-managed install_data
