[0.466s] DEBUG:colcon:Command line arguments: ['/usr/bin/colcon', 'build']
[0.466s] DEBUG:colcon:Parsed command line arguments: Namespace(log_base=None, log_level=None, verb_name='build', build_base='build', install_base='install', merge_install=False, symlink_install=False, test_result_base=None, continue_on_error=False, executor='parallel', parallel_workers=32, event_handlers=None, ignore_user_meta=False, metas=['./colcon.meta'], base_paths=['.'], packages_ignore=None, packages_ignore_regex=None, paths=None, packages_up_to=None, packages_up_to_regex=None, packages_above=None, packages_above_and_dependencies=None, packages_above_depth=None, packages_select_by_dep=None, packages_skip_by_dep=None, packages_skip_up_to=None, packages_select_build_failed=False, packages_skip_build_finished=False, packages_select_test_failures=False, packages_skip_test_passed=False, packages_select=None, packages_skip=None, packages_select_regex=None, packages_skip_regex=None, packages_start=None, packages_end=None, allow_overriding=[], cmake_args=None, cmake_target=None, cmake_target_skip_unavailable=False, cmake_clean_cache=False, cmake_clean_first=False, cmake_force_configure=False, ament_cmake_args=None, catkin_cmake_args=None, catkin_skip_building_tests=False, verb_parser=<colcon_defaults.argument_parser.defaults.DefaultArgumentsDecorator object at 0x711945ed8580>, verb_extension=<colcon_core.verb.build.BuildVerb object at 0x711945fd1a20>, main=<bound method BuildVerb.main of <colcon_core.verb.build.BuildVerb object at 0x711945fd1a20>>)
[0.938s] Level 1:colcon.colcon_core.package_discovery:discover_packages(colcon_meta) check parameters
[0.938s] Level 1:colcon.colcon_core.package_discovery:discover_packages(recursive) check parameters
[0.938s] Level 1:colcon.colcon_core.package_discovery:discover_packages(ignore) check parameters
[0.938s] Level 1:colcon.colcon_core.package_discovery:discover_packages(path) check parameters
[0.938s] Level 1:colcon.colcon_core.package_discovery:discover_packages(colcon_meta) discover
[0.938s] Level 1:colcon.colcon_core.package_discovery:discover_packages(recursive) discover
[0.938s] INFO:colcon.colcon_core.package_discovery:Crawling recursively for packages in '/home/lcd/uav_ws'
[0.938s] Level 1:colcon.colcon_core.package_identification:_identify(.) by extensions ['ignore', 'ignore_ament_install']
[0.939s] Level 1:colcon.colcon_core.package_identification:_identify(.) by extension 'ignore'
[0.939s] Level 1:colcon.colcon_core.package_identification:_identify(.) by extension 'ignore_ament_install'
[0.939s] Level 1:colcon.colcon_core.package_identification:_identify(.) by extensions ['colcon_pkg']
[0.939s] Level 1:colcon.colcon_core.package_identification:_identify(.) by extension 'colcon_pkg'
[0.939s] Level 1:colcon.colcon_core.package_identification:_identify(.) by extensions ['colcon_meta']
[0.939s] Level 1:colcon.colcon_core.package_identification:_identify(.) by extension 'colcon_meta'
[0.939s] Level 1:colcon.colcon_core.package_identification:_identify(.) by extensions ['ros']
[0.939s] Level 1:colcon.colcon_core.package_identification:_identify(.) by extension 'ros'
[0.966s] Level 1:colcon.colcon_core.package_identification:_identify(.) by extensions ['cmake', 'python']
[0.966s] Level 1:colcon.colcon_core.package_identification:_identify(.) by extension 'cmake'
[0.966s] Level 1:colcon.colcon_core.package_identification:_identify(.) by extension 'python'
[0.967s] Level 1:colcon.colcon_core.package_identification:_identify(.) by extensions ['python_setup_py']
[0.967s] Level 1:colcon.colcon_core.package_identification:_identify(.) by extension 'python_setup_py'
[0.967s] Level 1:colcon.colcon_core.package_identification:_identify(build) by extensions ['ignore', 'ignore_ament_install']
[0.967s] Level 1:colcon.colcon_core.package_identification:_identify(build) by extension 'ignore'
[0.967s] Level 1:colcon.colcon_core.package_identification:_identify(build) ignored
[0.967s] Level 1:colcon.colcon_core.package_identification:_identify(install) by extensions ['ignore', 'ignore_ament_install']
[0.967s] Level 1:colcon.colcon_core.package_identification:_identify(install) by extension 'ignore'
[0.967s] Level 1:colcon.colcon_core.package_identification:_identify(install) ignored
[0.968s] Level 1:colcon.colcon_core.package_identification:_identify(log) by extensions ['ignore', 'ignore_ament_install']
[0.968s] Level 1:colcon.colcon_core.package_identification:_identify(log) by extension 'ignore'
[0.968s] Level 1:colcon.colcon_core.package_identification:_identify(log) ignored
[0.968s] Level 1:colcon.colcon_core.package_identification:_identify(src) by extensions ['ignore', 'ignore_ament_install']
[0.968s] Level 1:colcon.colcon_core.package_identification:_identify(src) by extension 'ignore'
[0.968s] Level 1:colcon.colcon_core.package_identification:_identify(src) by extension 'ignore_ament_install'
[0.968s] Level 1:colcon.colcon_core.package_identification:_identify(src) by extensions ['colcon_pkg']
[0.969s] Level 1:colcon.colcon_core.package_identification:_identify(src) by extension 'colcon_pkg'
[0.969s] Level 1:colcon.colcon_core.package_identification:_identify(src) by extensions ['colcon_meta']
[0.969s] Level 1:colcon.colcon_core.package_identification:_identify(src) by extension 'colcon_meta'
[0.969s] Level 1:colcon.colcon_core.package_identification:_identify(src) by extensions ['ros']
[0.969s] Level 1:colcon.colcon_core.package_identification:_identify(src) by extension 'ros'
[0.969s] Level 1:colcon.colcon_core.package_identification:_identify(src) by extensions ['cmake', 'python']
[0.969s] Level 1:colcon.colcon_core.package_identification:_identify(src) by extension 'cmake'
[0.969s] Level 1:colcon.colcon_core.package_identification:_identify(src) by extension 'python'
[0.969s] Level 1:colcon.colcon_core.package_identification:_identify(src) by extensions ['python_setup_py']
[0.969s] Level 1:colcon.colcon_core.package_identification:_identify(src) by extension 'python_setup_py'
[0.970s] Level 1:colcon.colcon_core.package_identification:_identify(src/imgs) by extensions ['ignore', 'ignore_ament_install']
[0.970s] Level 1:colcon.colcon_core.package_identification:_identify(src/imgs) by extension 'ignore'
[0.970s] Level 1:colcon.colcon_core.package_identification:_identify(src/imgs) by extension 'ignore_ament_install'
[0.970s] Level 1:colcon.colcon_core.package_identification:_identify(src/imgs) by extensions ['colcon_pkg']
[0.970s] Level 1:colcon.colcon_core.package_identification:_identify(src/imgs) by extension 'colcon_pkg'
[0.970s] Level 1:colcon.colcon_core.package_identification:_identify(src/imgs) by extensions ['colcon_meta']
[0.970s] Level 1:colcon.colcon_core.package_identification:_identify(src/imgs) by extension 'colcon_meta'
[0.970s] Level 1:colcon.colcon_core.package_identification:_identify(src/imgs) by extensions ['ros']
[0.970s] Level 1:colcon.colcon_core.package_identification:_identify(src/imgs) by extension 'ros'
[0.970s] Level 1:colcon.colcon_core.package_identification:_identify(src/imgs) by extensions ['cmake', 'python']
[0.970s] Level 1:colcon.colcon_core.package_identification:_identify(src/imgs) by extension 'cmake'
[0.970s] Level 1:colcon.colcon_core.package_identification:_identify(src/imgs) by extension 'python'
[0.970s] Level 1:colcon.colcon_core.package_identification:_identify(src/imgs) by extensions ['python_setup_py']
[0.970s] Level 1:colcon.colcon_core.package_identification:_identify(src/imgs) by extension 'python_setup_py'
[0.971s] Level 1:colcon.colcon_core.package_identification:_identify(src/sjtu_drone_bringup) by extensions ['ignore', 'ignore_ament_install']
[0.971s] Level 1:colcon.colcon_core.package_identification:_identify(src/sjtu_drone_bringup) by extension 'ignore'
[0.971s] Level 1:colcon.colcon_core.package_identification:_identify(src/sjtu_drone_bringup) by extension 'ignore_ament_install'
[0.971s] Level 1:colcon.colcon_core.package_identification:_identify(src/sjtu_drone_bringup) by extensions ['colcon_pkg']
[0.971s] Level 1:colcon.colcon_core.package_identification:_identify(src/sjtu_drone_bringup) by extension 'colcon_pkg'
[0.971s] Level 1:colcon.colcon_core.package_identification:_identify(src/sjtu_drone_bringup) by extensions ['colcon_meta']
[0.971s] Level 1:colcon.colcon_core.package_identification:_identify(src/sjtu_drone_bringup) by extension 'colcon_meta'
[0.971s] Level 1:colcon.colcon_core.package_identification:_identify(src/sjtu_drone_bringup) by extensions ['ros']
[0.971s] Level 1:colcon.colcon_core.package_identification:_identify(src/sjtu_drone_bringup) by extension 'ros'
[0.980s] DEBUG:colcon.colcon_core.package_identification:Package 'src/sjtu_drone_bringup' with type 'ros.ament_python' and name 'sjtu_drone_bringup'
[0.980s] Level 1:colcon.colcon_core.package_identification:_identify(src/sjtu_drone_control) by extensions ['ignore', 'ignore_ament_install']
[0.980s] Level 1:colcon.colcon_core.package_identification:_identify(src/sjtu_drone_control) by extension 'ignore'
[0.980s] Level 1:colcon.colcon_core.package_identification:_identify(src/sjtu_drone_control) by extension 'ignore_ament_install'
[0.980s] Level 1:colcon.colcon_core.package_identification:_identify(src/sjtu_drone_control) by extensions ['colcon_pkg']
[0.980s] Level 1:colcon.colcon_core.package_identification:_identify(src/sjtu_drone_control) by extension 'colcon_pkg'
[0.981s] Level 1:colcon.colcon_core.package_identification:_identify(src/sjtu_drone_control) by extensions ['colcon_meta']
[0.981s] Level 1:colcon.colcon_core.package_identification:_identify(src/sjtu_drone_control) by extension 'colcon_meta'
[0.981s] Level 1:colcon.colcon_core.package_identification:_identify(src/sjtu_drone_control) by extensions ['ros']
[0.981s] Level 1:colcon.colcon_core.package_identification:_identify(src/sjtu_drone_control) by extension 'ros'
[0.981s] DEBUG:colcon.colcon_core.package_identification:Package 'src/sjtu_drone_control' with type 'ros.ament_python' and name 'sjtu_drone_control'
[0.982s] Level 1:colcon.colcon_core.package_identification:_identify(src/sjtu_drone_description) by extensions ['ignore', 'ignore_ament_install']
[0.982s] Level 1:colcon.colcon_core.package_identification:_identify(src/sjtu_drone_description) by extension 'ignore'
[0.982s] Level 1:colcon.colcon_core.package_identification:_identify(src/sjtu_drone_description) by extension 'ignore_ament_install'
[0.982s] Level 1:colcon.colcon_core.package_identification:_identify(src/sjtu_drone_description) by extensions ['colcon_pkg']
[0.982s] Level 1:colcon.colcon_core.package_identification:_identify(src/sjtu_drone_description) by extension 'colcon_pkg'
[0.982s] Level 1:colcon.colcon_core.package_identification:_identify(src/sjtu_drone_description) by extensions ['colcon_meta']
[0.982s] Level 1:colcon.colcon_core.package_identification:_identify(src/sjtu_drone_description) by extension 'colcon_meta'
[0.982s] Level 1:colcon.colcon_core.package_identification:_identify(src/sjtu_drone_description) by extensions ['ros']
[0.982s] Level 1:colcon.colcon_core.package_identification:_identify(src/sjtu_drone_description) by extension 'ros'
[0.984s] DEBUG:colcon.colcon_core.package_identification:Package 'src/sjtu_drone_description' with type 'ros.ament_cmake' and name 'sjtu_drone_description'
[0.985s] Level 1:colcon.colcon_core.package_discovery:discover_packages(recursive) using defaults
[0.985s] Level 1:colcon.colcon_core.package_discovery:discover_packages(ignore) discover
[0.985s] Level 1:colcon.colcon_core.package_discovery:discover_packages(ignore) using defaults
[0.985s] Level 1:colcon.colcon_core.package_discovery:discover_packages(path) discover
[0.985s] Level 1:colcon.colcon_core.package_discovery:discover_packages(path) using defaults
[1.018s] Level 1:colcon.colcon_core.package_discovery:discover_packages(prefix_path) check parameters
[1.018s] Level 1:colcon.colcon_core.package_discovery:discover_packages(prefix_path) discover
[1.022s] DEBUG:colcon.colcon_installed_package_information.package_discovery:Found 3 installed packages in /home/lcd/uav_ws/install
[1.024s] DEBUG:colcon.colcon_installed_package_information.package_discovery:Found 323 installed packages in /opt/ros/humble
[1.025s] Level 1:colcon.colcon_core.package_discovery:discover_packages(prefix_path) using defaults
[1.178s] Level 5:colcon.colcon_core.verb:set package 'sjtu_drone_bringup' build argument 'cmake_args' from command line to 'None'
[1.178s] Level 5:colcon.colcon_core.verb:set package 'sjtu_drone_bringup' build argument 'cmake_target' from command line to 'None'
[1.178s] Level 5:colcon.colcon_core.verb:set package 'sjtu_drone_bringup' build argument 'cmake_target_skip_unavailable' from command line to 'False'
[1.178s] Level 5:colcon.colcon_core.verb:set package 'sjtu_drone_bringup' build argument 'cmake_clean_cache' from command line to 'False'
[1.178s] Level 5:colcon.colcon_core.verb:set package 'sjtu_drone_bringup' build argument 'cmake_clean_first' from command line to 'False'
[1.178s] Level 5:colcon.colcon_core.verb:set package 'sjtu_drone_bringup' build argument 'cmake_force_configure' from command line to 'False'
[1.178s] Level 5:colcon.colcon_core.verb:set package 'sjtu_drone_bringup' build argument 'ament_cmake_args' from command line to 'None'
[1.178s] Level 5:colcon.colcon_core.verb:set package 'sjtu_drone_bringup' build argument 'catkin_cmake_args' from command line to 'None'
[1.178s] Level 5:colcon.colcon_core.verb:set package 'sjtu_drone_bringup' build argument 'catkin_skip_building_tests' from command line to 'False'
[1.178s] DEBUG:colcon.colcon_core.verb:Building package 'sjtu_drone_bringup' with the following arguments: {'ament_cmake_args': None, 'build_base': '/home/lcd/uav_ws/build/sjtu_drone_bringup', 'catkin_cmake_args': None, 'catkin_skip_building_tests': False, 'cmake_args': None, 'cmake_clean_cache': False, 'cmake_clean_first': False, 'cmake_force_configure': False, 'cmake_target': None, 'cmake_target_skip_unavailable': False, 'install_base': '/home/lcd/uav_ws/install/sjtu_drone_bringup', 'merge_install': False, 'path': '/home/lcd/uav_ws/src/sjtu_drone_bringup', 'symlink_install': False, 'test_result_base': None}
[1.179s] Level 5:colcon.colcon_core.verb:set package 'sjtu_drone_control' build argument 'cmake_args' from command line to 'None'
[1.179s] Level 5:colcon.colcon_core.verb:set package 'sjtu_drone_control' build argument 'cmake_target' from command line to 'None'
[1.179s] Level 5:colcon.colcon_core.verb:set package 'sjtu_drone_control' build argument 'cmake_target_skip_unavailable' from command line to 'False'
[1.179s] Level 5:colcon.colcon_core.verb:set package 'sjtu_drone_control' build argument 'cmake_clean_cache' from command line to 'False'
[1.179s] Level 5:colcon.colcon_core.verb:set package 'sjtu_drone_control' build argument 'cmake_clean_first' from command line to 'False'
[1.179s] Level 5:colcon.colcon_core.verb:set package 'sjtu_drone_control' build argument 'cmake_force_configure' from command line to 'False'
[1.179s] Level 5:colcon.colcon_core.verb:set package 'sjtu_drone_control' build argument 'ament_cmake_args' from command line to 'None'
[1.179s] Level 5:colcon.colcon_core.verb:set package 'sjtu_drone_control' build argument 'catkin_cmake_args' from command line to 'None'
[1.179s] Level 5:colcon.colcon_core.verb:set package 'sjtu_drone_control' build argument 'catkin_skip_building_tests' from command line to 'False'
[1.179s] DEBUG:colcon.colcon_core.verb:Building package 'sjtu_drone_control' with the following arguments: {'ament_cmake_args': None, 'build_base': '/home/lcd/uav_ws/build/sjtu_drone_control', 'catkin_cmake_args': None, 'catkin_skip_building_tests': False, 'cmake_args': None, 'cmake_clean_cache': False, 'cmake_clean_first': False, 'cmake_force_configure': False, 'cmake_target': None, 'cmake_target_skip_unavailable': False, 'install_base': '/home/lcd/uav_ws/install/sjtu_drone_control', 'merge_install': False, 'path': '/home/lcd/uav_ws/src/sjtu_drone_control', 'symlink_install': False, 'test_result_base': None}
[1.179s] Level 5:colcon.colcon_core.verb:set package 'sjtu_drone_description' build argument 'cmake_args' from command line to 'None'
[1.179s] Level 5:colcon.colcon_core.verb:set package 'sjtu_drone_description' build argument 'cmake_target' from command line to 'None'
[1.179s] Level 5:colcon.colcon_core.verb:set package 'sjtu_drone_description' build argument 'cmake_target_skip_unavailable' from command line to 'False'
[1.179s] Level 5:colcon.colcon_core.verb:set package 'sjtu_drone_description' build argument 'cmake_clean_cache' from command line to 'False'
[1.179s] Level 5:colcon.colcon_core.verb:set package 'sjtu_drone_description' build argument 'cmake_clean_first' from command line to 'False'
[1.179s] Level 5:colcon.colcon_core.verb:set package 'sjtu_drone_description' build argument 'cmake_force_configure' from command line to 'False'
[1.179s] Level 5:colcon.colcon_core.verb:set package 'sjtu_drone_description' build argument 'ament_cmake_args' from command line to 'None'
[1.179s] Level 5:colcon.colcon_core.verb:set package 'sjtu_drone_description' build argument 'catkin_cmake_args' from command line to 'None'
[1.179s] Level 5:colcon.colcon_core.verb:set package 'sjtu_drone_description' build argument 'catkin_skip_building_tests' from command line to 'False'
[1.179s] DEBUG:colcon.colcon_core.verb:Building package 'sjtu_drone_description' with the following arguments: {'ament_cmake_args': None, 'build_base': '/home/lcd/uav_ws/build/sjtu_drone_description', 'catkin_cmake_args': None, 'catkin_skip_building_tests': False, 'cmake_args': None, 'cmake_clean_cache': False, 'cmake_clean_first': False, 'cmake_force_configure': False, 'cmake_target': None, 'cmake_target_skip_unavailable': False, 'install_base': '/home/lcd/uav_ws/install/sjtu_drone_description', 'merge_install': False, 'path': '/home/lcd/uav_ws/src/sjtu_drone_description', 'symlink_install': False, 'test_result_base': None}
[1.179s] INFO:colcon.colcon_core.executor:Executing jobs using 'parallel' executor
[1.180s] DEBUG:colcon.colcon_parallel_executor.executor.parallel:run_until_complete
[1.180s] INFO:colcon.colcon_ros.task.ament_python.build:Building ROS package in '/home/lcd/uav_ws/src/sjtu_drone_bringup' with build type 'ament_python'
[1.180s] Level 1:colcon.colcon_core.shell:create_environment_hook('sjtu_drone_bringup', 'ament_prefix_path')
[1.186s] INFO:colcon.colcon_core.plugin_system:Skipping extension 'colcon_core.shell.bat': Not used on non-Windows systems
[1.186s] INFO:colcon.colcon_core.shell:Creating environment hook '/home/lcd/uav_ws/install/sjtu_drone_bringup/share/sjtu_drone_bringup/hook/ament_prefix_path.ps1'
[1.187s] INFO:colcon.colcon_core.shell:Creating environment descriptor '/home/lcd/uav_ws/install/sjtu_drone_bringup/share/sjtu_drone_bringup/hook/ament_prefix_path.dsv'
[1.188s] INFO:colcon.colcon_core.shell:Creating environment hook '/home/lcd/uav_ws/install/sjtu_drone_bringup/share/sjtu_drone_bringup/hook/ament_prefix_path.sh'
[1.189s] INFO:colcon.colcon_core.shell:Skip shell extension 'powershell' for command environment: Not usable outside of PowerShell
[1.189s] DEBUG:colcon.colcon_core.shell:Skip shell extension 'dsv' for command environment
[1.191s] INFO:colcon.colcon_ros.task.ament_python.build:Building ROS package in '/home/lcd/uav_ws/src/sjtu_drone_control' with build type 'ament_python'
[1.191s] Level 1:colcon.colcon_core.shell:create_environment_hook('sjtu_drone_control', 'ament_prefix_path')
[1.192s] INFO:colcon.colcon_core.shell:Creating environment hook '/home/lcd/uav_ws/install/sjtu_drone_control/share/sjtu_drone_control/hook/ament_prefix_path.ps1'
[1.192s] INFO:colcon.colcon_core.shell:Creating environment descriptor '/home/lcd/uav_ws/install/sjtu_drone_control/share/sjtu_drone_control/hook/ament_prefix_path.dsv'
[1.192s] INFO:colcon.colcon_core.shell:Creating environment hook '/home/lcd/uav_ws/install/sjtu_drone_control/share/sjtu_drone_control/hook/ament_prefix_path.sh'
[1.193s] INFO:colcon.colcon_core.shell:Skip shell extension 'powershell' for command environment: Not usable outside of PowerShell
[1.193s] DEBUG:colcon.colcon_core.shell:Skip shell extension 'dsv' for command environment
[1.195s] INFO:colcon.colcon_ros.task.ament_cmake.build:Building ROS package in '/home/lcd/uav_ws/src/sjtu_drone_description' with build type 'ament_cmake'
[1.195s] INFO:colcon.colcon_cmake.task.cmake.build:Building CMake package in '/home/lcd/uav_ws/src/sjtu_drone_description'
[1.195s] INFO:colcon.colcon_core.shell:Skip shell extension 'powershell' for command environment: Not usable outside of PowerShell
[1.195s] DEBUG:colcon.colcon_core.shell:Skip shell extension 'dsv' for command environment
[1.333s] INFO:colcon.colcon_core.task.python.build:Building Python package in '/home/lcd/uav_ws/src/sjtu_drone_bringup'
[1.333s] INFO:colcon.colcon_core.shell:Skip shell extension 'powershell' for command environment: Not usable outside of PowerShell
[1.333s] DEBUG:colcon.colcon_core.shell:Skip shell extension 'dsv' for command environment
[1.497s] INFO:colcon.colcon_core.task.python.build:Building Python package in '/home/lcd/uav_ws/src/sjtu_drone_control'
[1.497s] INFO:colcon.colcon_core.shell:Skip shell extension 'powershell' for command environment: Not usable outside of PowerShell
[1.497s] DEBUG:colcon.colcon_core.shell:Skip shell extension 'dsv' for command environment
[1.502s] DEBUG:colcon.colcon_core.event_handler.log_command:Invoking command in '/home/lcd/uav_ws/build/sjtu_drone_description': CMAKE_PREFIX_PATH=${CMAKE_PREFIX_PATH}:/home/lcd/uav_ws/install/sjtu_drone_control:/home/lcd/uav_ws/install/sjtu_drone_bringup:/opt/ros/humble /usr/bin/cmake --build /home/lcd/uav_ws/build/sjtu_drone_description -- -j32 -l32
[1.636s] DEBUG:colcon.colcon_core.event_handler.log_command:Invoked command in '/home/lcd/uav_ws/build/sjtu_drone_description' returned '0': CMAKE_PREFIX_PATH=${CMAKE_PREFIX_PATH}:/home/lcd/uav_ws/install/sjtu_drone_control:/home/lcd/uav_ws/install/sjtu_drone_bringup:/opt/ros/humble /usr/bin/cmake --build /home/lcd/uav_ws/build/sjtu_drone_description -- -j32 -l32
[1.641s] DEBUG:colcon.colcon_core.event_handler.log_command:Invoking command in '/home/lcd/uav_ws/build/sjtu_drone_description': CMAKE_PREFIX_PATH=${CMAKE_PREFIX_PATH}:/home/lcd/uav_ws/install/sjtu_drone_control:/home/lcd/uav_ws/install/sjtu_drone_bringup:/opt/ros/humble /usr/bin/cmake --install /home/lcd/uav_ws/build/sjtu_drone_description
[1.659s] Level 1:colcon.colcon_core.environment:create_environment_scripts_only(sjtu_drone_description)
[1.660s] DEBUG:colcon.colcon_core.event_handler.log_command:Invoked command in '/home/lcd/uav_ws/build/sjtu_drone_description' returned '0': CMAKE_PREFIX_PATH=${CMAKE_PREFIX_PATH}:/home/lcd/uav_ws/install/sjtu_drone_control:/home/lcd/uav_ws/install/sjtu_drone_bringup:/opt/ros/humble /usr/bin/cmake --install /home/lcd/uav_ws/build/sjtu_drone_description
[1.665s] Level 1:colcon.colcon_core.environment:checking '/home/lcd/uav_ws/install/sjtu_drone_description' for CMake module files
[1.665s] Level 1:colcon.colcon_core.environment:checking '/home/lcd/uav_ws/install/sjtu_drone_description' for CMake config files
[1.666s] Level 1:colcon.colcon_core.shell:create_environment_hook('sjtu_drone_description', 'cmake_prefix_path')
[1.666s] INFO:colcon.colcon_core.shell:Creating environment hook '/home/lcd/uav_ws/install/sjtu_drone_description/share/sjtu_drone_description/hook/cmake_prefix_path.ps1'
[1.666s] INFO:colcon.colcon_core.shell:Creating environment descriptor '/home/lcd/uav_ws/install/sjtu_drone_description/share/sjtu_drone_description/hook/cmake_prefix_path.dsv'
[1.667s] INFO:colcon.colcon_core.shell:Creating environment hook '/home/lcd/uav_ws/install/sjtu_drone_description/share/sjtu_drone_description/hook/cmake_prefix_path.sh'
[1.667s] Level 1:colcon.colcon_core.environment:checking '/home/lcd/uav_ws/install/sjtu_drone_description/lib'
[1.667s] Level 1:colcon.colcon_core.shell:create_environment_hook('sjtu_drone_description', 'ld_library_path_lib')
[1.668s] INFO:colcon.colcon_core.shell:Creating environment hook '/home/lcd/uav_ws/install/sjtu_drone_description/share/sjtu_drone_description/hook/ld_library_path_lib.ps1'
[1.668s] INFO:colcon.colcon_core.shell:Creating environment descriptor '/home/lcd/uav_ws/install/sjtu_drone_description/share/sjtu_drone_description/hook/ld_library_path_lib.dsv'
[1.668s] INFO:colcon.colcon_core.shell:Creating environment hook '/home/lcd/uav_ws/install/sjtu_drone_description/share/sjtu_drone_description/hook/ld_library_path_lib.sh'
[1.668s] Level 1:colcon.colcon_core.environment:checking '/home/lcd/uav_ws/install/sjtu_drone_description/bin'
[1.668s] Level 1:colcon.colcon_core.environment:checking '/home/lcd/uav_ws/install/sjtu_drone_description/lib/pkgconfig/sjtu_drone_description.pc'
[1.669s] Level 1:colcon.colcon_core.environment:checking '/home/lcd/uav_ws/install/sjtu_drone_description/lib/python3.10/site-packages'
[1.669s] Level 1:colcon.colcon_core.environment:checking '/home/lcd/uav_ws/install/sjtu_drone_description/bin'
[1.669s] INFO:colcon.colcon_core.shell:Creating package script '/home/lcd/uav_ws/install/sjtu_drone_description/share/sjtu_drone_description/package.ps1'
[1.670s] INFO:colcon.colcon_core.shell:Creating package descriptor '/home/lcd/uav_ws/install/sjtu_drone_description/share/sjtu_drone_description/package.dsv'
[1.670s] INFO:colcon.colcon_core.shell:Creating package script '/home/lcd/uav_ws/install/sjtu_drone_description/share/sjtu_drone_description/package.sh'
[1.671s] INFO:colcon.colcon_core.shell:Creating package script '/home/lcd/uav_ws/install/sjtu_drone_description/share/sjtu_drone_description/package.bash'
[1.672s] INFO:colcon.colcon_core.shell:Creating package script '/home/lcd/uav_ws/install/sjtu_drone_description/share/sjtu_drone_description/package.zsh'
[1.673s] Level 1:colcon.colcon_core.environment:create_file_with_runtime_dependencies(/home/lcd/uav_ws/install/sjtu_drone_description/share/colcon-core/packages/sjtu_drone_description)
[1.673s] Level 1:colcon.colcon_core.environment:create_environment_scripts_only(sjtu_drone_description)
[1.674s] Level 1:colcon.colcon_core.environment:checking '/home/lcd/uav_ws/install/sjtu_drone_description' for CMake module files
[1.674s] Level 1:colcon.colcon_core.environment:checking '/home/lcd/uav_ws/install/sjtu_drone_description' for CMake config files
[1.674s] Level 1:colcon.colcon_core.shell:create_environment_hook('sjtu_drone_description', 'cmake_prefix_path')
[1.674s] INFO:colcon.colcon_core.shell:Creating environment hook '/home/lcd/uav_ws/install/sjtu_drone_description/share/sjtu_drone_description/hook/cmake_prefix_path.ps1'
[1.674s] INFO:colcon.colcon_core.shell:Creating environment descriptor '/home/lcd/uav_ws/install/sjtu_drone_description/share/sjtu_drone_description/hook/cmake_prefix_path.dsv'
[1.674s] INFO:colcon.colcon_core.shell:Creating environment hook '/home/lcd/uav_ws/install/sjtu_drone_description/share/sjtu_drone_description/hook/cmake_prefix_path.sh'
[1.675s] Level 1:colcon.colcon_core.environment:checking '/home/lcd/uav_ws/install/sjtu_drone_description/lib'
[1.675s] Level 1:colcon.colcon_core.shell:create_environment_hook('sjtu_drone_description', 'ld_library_path_lib')
[1.675s] INFO:colcon.colcon_core.shell:Creating environment hook '/home/lcd/uav_ws/install/sjtu_drone_description/share/sjtu_drone_description/hook/ld_library_path_lib.ps1'
[1.675s] INFO:colcon.colcon_core.shell:Creating environment descriptor '/home/lcd/uav_ws/install/sjtu_drone_description/share/sjtu_drone_description/hook/ld_library_path_lib.dsv'
[1.675s] INFO:colcon.colcon_core.shell:Creating environment hook '/home/lcd/uav_ws/install/sjtu_drone_description/share/sjtu_drone_description/hook/ld_library_path_lib.sh'
[1.675s] Level 1:colcon.colcon_core.environment:checking '/home/lcd/uav_ws/install/sjtu_drone_description/bin'
[1.676s] Level 1:colcon.colcon_core.environment:checking '/home/lcd/uav_ws/install/sjtu_drone_description/lib/pkgconfig/sjtu_drone_description.pc'
[1.676s] Level 1:colcon.colcon_core.environment:checking '/home/lcd/uav_ws/install/sjtu_drone_description/lib/python3.10/site-packages'
[1.676s] Level 1:colcon.colcon_core.environment:checking '/home/lcd/uav_ws/install/sjtu_drone_description/bin'
[1.676s] INFO:colcon.colcon_core.shell:Creating package script '/home/lcd/uav_ws/install/sjtu_drone_description/share/sjtu_drone_description/package.ps1'
[1.676s] INFO:colcon.colcon_core.shell:Creating package descriptor '/home/lcd/uav_ws/install/sjtu_drone_description/share/sjtu_drone_description/package.dsv'
[1.676s] INFO:colcon.colcon_core.shell:Creating package script '/home/lcd/uav_ws/install/sjtu_drone_description/share/sjtu_drone_description/package.sh'
[1.677s] INFO:colcon.colcon_core.shell:Creating package script '/home/lcd/uav_ws/install/sjtu_drone_description/share/sjtu_drone_description/package.bash'
[1.677s] INFO:colcon.colcon_core.shell:Creating package script '/home/lcd/uav_ws/install/sjtu_drone_description/share/sjtu_drone_description/package.zsh'
[1.677s] Level 1:colcon.colcon_core.environment:create_file_with_runtime_dependencies(/home/lcd/uav_ws/install/sjtu_drone_description/share/colcon-core/packages/sjtu_drone_description)
[1.760s] DEBUG:colcon.colcon_core.event_handler.log_command:Invoking command in '/home/lcd/uav_ws/src/sjtu_drone_bringup': PYTHONPATH=/home/lcd/uav_ws/build/sjtu_drone_bringup/prefix_override:/usr/lib/python3/dist-packages/colcon_core/task/python/colcon_distutils_commands:/home/lcd/uav_ws/install/sjtu_drone_bringup/lib/python3.10/site-packages:${PYTHONPATH} /usr/bin/python3 -W ignore:setup.py install is deprecated -W ignore:easy_install command is deprecated setup.py egg_info --egg-base ../../build/sjtu_drone_bringup build --build-base /home/lcd/uav_ws/build/sjtu_drone_bringup/build install --record /home/lcd/uav_ws/build/sjtu_drone_bringup/install.log --single-version-externally-managed install_data
[1.761s] DEBUG:colcon.colcon_core.event_handler.log_command:Invoking command in '/home/lcd/uav_ws/src/sjtu_drone_control': PYTHONPATH=/home/lcd/uav_ws/build/sjtu_drone_control/prefix_override:/usr/lib/python3/dist-packages/colcon_core/task/python/colcon_distutils_commands:/home/lcd/uav_ws/install/sjtu_drone_control/lib/python3.10/site-packages:${PYTHONPATH} /usr/bin/python3 -W ignore:setup.py install is deprecated -W ignore:easy_install command is deprecated setup.py egg_info --egg-base ../../build/sjtu_drone_control build --build-base /home/lcd/uav_ws/build/sjtu_drone_control/build install --record /home/lcd/uav_ws/build/sjtu_drone_control/install.log --single-version-externally-managed install_data
[1.912s] Level 1:colcon.colcon_core.environment:checking '/home/lcd/uav_ws/install/sjtu_drone_control' for CMake module files
[1.913s] DEBUG:colcon.colcon_core.event_handler.log_command:Invoked command in '/home/lcd/uav_ws/src/sjtu_drone_control' returned '0': PYTHONPATH=/home/lcd/uav_ws/build/sjtu_drone_control/prefix_override:/usr/lib/python3/dist-packages/colcon_core/task/python/colcon_distutils_commands:/home/lcd/uav_ws/install/sjtu_drone_control/lib/python3.10/site-packages:${PYTHONPATH} /usr/bin/python3 -W ignore:setup.py install is deprecated -W ignore:easy_install command is deprecated setup.py egg_info --egg-base ../../build/sjtu_drone_control build --build-base /home/lcd/uav_ws/build/sjtu_drone_control/build install --record /home/lcd/uav_ws/build/sjtu_drone_control/install.log --single-version-externally-managed install_data
[1.913s] Level 1:colcon.colcon_core.environment:checking '/home/lcd/uav_ws/install/sjtu_drone_control' for CMake config files
[1.914s] Level 1:colcon.colcon_core.environment:checking '/home/lcd/uav_ws/install/sjtu_drone_control/lib'
[1.914s] Level 1:colcon.colcon_core.environment:checking '/home/lcd/uav_ws/install/sjtu_drone_control/bin'
[1.914s] Level 1:colcon.colcon_core.environment:checking '/home/lcd/uav_ws/install/sjtu_drone_control/lib/pkgconfig/sjtu_drone_control.pc'
[1.914s] Level 1:colcon.colcon_core.environment:checking '/home/lcd/uav_ws/install/sjtu_drone_control/lib/python3.10/site-packages'
[1.914s] Level 1:colcon.colcon_core.shell:create_environment_hook('sjtu_drone_control', 'pythonpath')
[1.914s] INFO:colcon.colcon_core.shell:Creating environment hook '/home/lcd/uav_ws/install/sjtu_drone_control/share/sjtu_drone_control/hook/pythonpath.ps1'
[1.915s] INFO:colcon.colcon_core.shell:Creating environment descriptor '/home/lcd/uav_ws/install/sjtu_drone_control/share/sjtu_drone_control/hook/pythonpath.dsv'
[1.915s] INFO:colcon.colcon_core.shell:Creating environment hook '/home/lcd/uav_ws/install/sjtu_drone_control/share/sjtu_drone_control/hook/pythonpath.sh'
[1.915s] Level 1:colcon.colcon_core.environment:checking '/home/lcd/uav_ws/install/sjtu_drone_control/bin'
[1.915s] Level 1:colcon.colcon_core.environment:create_environment_scripts_only(sjtu_drone_control)
[1.915s] INFO:colcon.colcon_core.shell:Creating package script '/home/lcd/uav_ws/install/sjtu_drone_control/share/sjtu_drone_control/package.ps1'
[1.916s] INFO:colcon.colcon_core.shell:Creating package descriptor '/home/lcd/uav_ws/install/sjtu_drone_control/share/sjtu_drone_control/package.dsv'
[1.916s] INFO:colcon.colcon_core.shell:Creating package script '/home/lcd/uav_ws/install/sjtu_drone_control/share/sjtu_drone_control/package.sh'
[1.916s] INFO:colcon.colcon_core.shell:Creating package script '/home/lcd/uav_ws/install/sjtu_drone_control/share/sjtu_drone_control/package.bash'
[1.916s] INFO:colcon.colcon_core.shell:Creating package script '/home/lcd/uav_ws/install/sjtu_drone_control/share/sjtu_drone_control/package.zsh'
[1.917s] Level 1:colcon.colcon_core.environment:create_file_with_runtime_dependencies(/home/lcd/uav_ws/install/sjtu_drone_control/share/colcon-core/packages/sjtu_drone_control)
[1.917s] Level 1:colcon.colcon_core.environment:checking '/home/lcd/uav_ws/install/sjtu_drone_bringup' for CMake module files
[1.918s] Level 1:colcon.colcon_core.environment:checking '/home/lcd/uav_ws/install/sjtu_drone_bringup' for CMake config files
[1.918s] DEBUG:colcon.colcon_core.event_handler.log_command:Invoked command in '/home/lcd/uav_ws/src/sjtu_drone_bringup' returned '0': PYTHONPATH=/home/lcd/uav_ws/build/sjtu_drone_bringup/prefix_override:/usr/lib/python3/dist-packages/colcon_core/task/python/colcon_distutils_commands:/home/lcd/uav_ws/install/sjtu_drone_bringup/lib/python3.10/site-packages:${PYTHONPATH} /usr/bin/python3 -W ignore:setup.py install is deprecated -W ignore:easy_install command is deprecated setup.py egg_info --egg-base ../../build/sjtu_drone_bringup build --build-base /home/lcd/uav_ws/build/sjtu_drone_bringup/build install --record /home/lcd/uav_ws/build/sjtu_drone_bringup/install.log --single-version-externally-managed install_data
[1.919s] Level 1:colcon.colcon_core.environment:checking '/home/lcd/uav_ws/install/sjtu_drone_bringup/lib'
[1.919s] Level 1:colcon.colcon_core.environment:checking '/home/lcd/uav_ws/install/sjtu_drone_bringup/bin'
[1.919s] Level 1:colcon.colcon_core.environment:checking '/home/lcd/uav_ws/install/sjtu_drone_bringup/lib/pkgconfig/sjtu_drone_bringup.pc'
[1.919s] Level 1:colcon.colcon_core.environment:checking '/home/lcd/uav_ws/install/sjtu_drone_bringup/lib/python3.10/site-packages'
[1.919s] Level 1:colcon.colcon_core.shell:create_environment_hook('sjtu_drone_bringup', 'pythonpath')
[1.919s] INFO:colcon.colcon_core.shell:Creating environment hook '/home/lcd/uav_ws/install/sjtu_drone_bringup/share/sjtu_drone_bringup/hook/pythonpath.ps1'
[1.919s] INFO:colcon.colcon_core.shell:Creating environment descriptor '/home/lcd/uav_ws/install/sjtu_drone_bringup/share/sjtu_drone_bringup/hook/pythonpath.dsv'
[1.919s] INFO:colcon.colcon_core.shell:Creating environment hook '/home/lcd/uav_ws/install/sjtu_drone_bringup/share/sjtu_drone_bringup/hook/pythonpath.sh'
[1.920s] Level 1:colcon.colcon_core.environment:checking '/home/lcd/uav_ws/install/sjtu_drone_bringup/bin'
[1.920s] Level 1:colcon.colcon_core.environment:create_environment_scripts_only(sjtu_drone_bringup)
[1.920s] INFO:colcon.colcon_core.shell:Creating package script '/home/lcd/uav_ws/install/sjtu_drone_bringup/share/sjtu_drone_bringup/package.ps1'
[1.920s] INFO:colcon.colcon_core.shell:Creating package descriptor '/home/lcd/uav_ws/install/sjtu_drone_bringup/share/sjtu_drone_bringup/package.dsv'
[1.920s] INFO:colcon.colcon_core.shell:Creating package script '/home/lcd/uav_ws/install/sjtu_drone_bringup/share/sjtu_drone_bringup/package.sh'
[1.921s] INFO:colcon.colcon_core.shell:Creating package script '/home/lcd/uav_ws/install/sjtu_drone_bringup/share/sjtu_drone_bringup/package.bash'
[1.921s] INFO:colcon.colcon_core.shell:Creating package script '/home/lcd/uav_ws/install/sjtu_drone_bringup/share/sjtu_drone_bringup/package.zsh'
[1.921s] Level 1:colcon.colcon_core.environment:create_file_with_runtime_dependencies(/home/lcd/uav_ws/install/sjtu_drone_bringup/share/colcon-core/packages/sjtu_drone_bringup)
[1.921s] DEBUG:colcon.colcon_parallel_executor.executor.parallel:closing loop
[1.921s] DEBUG:colcon.colcon_parallel_executor.executor.parallel:loop closed
[1.922s] DEBUG:colcon.colcon_parallel_executor.executor.parallel:run_until_complete finished with '0'
[1.922s] DEBUG:colcon.colcon_core.event_reactor:joining thread
[1.950s] INFO:colcon.colcon_core.plugin_system:Skipping extension 'colcon_notification.desktop_notification.notify_send': Could not find 'notify-send'
[1.950s] INFO:colcon.colcon_core.plugin_system:Skipping extension 'colcon_notification.desktop_notification.terminal_notifier': Not used on non-Darwin systems
[1.950s] INFO:colcon.colcon_core.plugin_system:Skipping extension 'colcon_notification.desktop_notification.win32': Not used on non-Windows systems
[1.950s] INFO:colcon.colcon_notification.desktop_notification:Sending desktop notification using 'notify2'
[1.950s] DEBUG:colcon.colcon_notification.desktop_notification.notify2:Failed to initialize notify2: org.freedesktop.DBus.Error.FileNotFound: Failed to connect to socket /run/user/1000/bus: No such file or directory
[1.950s] DEBUG:colcon.colcon_core.event_reactor:joined thread
[1.951s] INFO:colcon.colcon_core.shell:Creating prefix script '/home/lcd/uav_ws/install/local_setup.ps1'
[1.953s] INFO:colcon.colcon_core.shell:Creating prefix util module '/home/lcd/uav_ws/install/_local_setup_util_ps1.py'
[1.955s] INFO:colcon.colcon_core.shell:Creating prefix chain script '/home/lcd/uav_ws/install/setup.ps1'
[1.956s] INFO:colcon.colcon_core.shell:Creating prefix script '/home/lcd/uav_ws/install/local_setup.sh'
[1.956s] INFO:colcon.colcon_core.shell:Creating prefix util module '/home/lcd/uav_ws/install/_local_setup_util_sh.py'
[1.957s] INFO:colcon.colcon_core.shell:Creating prefix chain script '/home/lcd/uav_ws/install/setup.sh'
[1.958s] INFO:colcon.colcon_core.shell:Creating prefix script '/home/lcd/uav_ws/install/local_setup.bash'
[1.959s] INFO:colcon.colcon_core.shell:Creating prefix chain script '/home/lcd/uav_ws/install/setup.bash'
[1.960s] INFO:colcon.colcon_core.shell:Creating prefix script '/home/lcd/uav_ws/install/local_setup.zsh'
[1.961s] INFO:colcon.colcon_core.shell:Creating prefix chain script '/home/lcd/uav_ws/install/setup.zsh'
