[0.737s] Invoking command in '/home/lcd/uav_ws/src/sjtu_drone_control': PYTHONPATH=/home/lcd/uav_ws/build/sjtu_drone_control/prefix_override:/usr/lib/python3/dist-packages/colcon_core/task/python/colcon_distutils_commands:/home/lcd/uav_ws/install/sjtu_drone_control/lib/python3.10/site-packages:${PYTHONPATH} /usr/bin/python3 -W ignore:setup.py install is deprecated -W ignore:easy_install command is deprecated setup.py egg_info --egg-base ../../build/sjtu_drone_control build --build-base /home/lcd/uav_ws/build/sjtu_drone_control/build install --record /home/lcd/uav_ws/build/sjtu_drone_control/install.log --single-version-externally-managed install_data
[0.853s] running egg_info
[0.853s] writing ../../build/sjtu_drone_control/sjtu_drone_control.egg-info/PKG-INFO
[0.854s] writing dependency_links to ../../build/sjtu_drone_control/sjtu_drone_control.egg-info/dependency_links.txt
[0.855s] writing entry points to ../../build/sjtu_drone_control/sjtu_drone_control.egg-info/entry_points.txt
[0.855s] writing requirements to ../../build/sjtu_drone_control/sjtu_drone_control.egg-info/requires.txt
[0.855s] writing top-level names to ../../build/sjtu_drone_control/sjtu_drone_control.egg-info/top_level.txt
[0.856s] reading manifest file '../../build/sjtu_drone_control/sjtu_drone_control.egg-info/SOURCES.txt'
[0.858s] writing manifest file '../../build/sjtu_drone_control/sjtu_drone_control.egg-info/SOURCES.txt'
[0.858s] running build
[0.858s] running build_py
[0.858s] copying sjtu_drone_control/plot_tools.py -> /home/lcd/uav_ws/build/sjtu_drone_control/build/lib/sjtu_drone_control
[0.859s] running install
[0.860s] running install_lib
[0.861s] copying /home/lcd/uav_ws/build/sjtu_drone_control/build/lib/sjtu_drone_control/plot_tools.py -> /home/lcd/uav_ws/install/sjtu_drone_control/lib/python3.10/site-packages/sjtu_drone_control
[0.862s] byte-compiling /home/lcd/uav_ws/install/sjtu_drone_control/lib/python3.10/site-packages/sjtu_drone_control/plot_tools.py to plot_tools.cpython-310.pyc
[0.864s] running install_data
[0.864s] running install_egg_info
[0.865s] removing '/home/lcd/uav_ws/install/sjtu_drone_control/lib/python3.10/site-packages/sjtu_drone_control-0.0.0-py3.10.egg-info' (and everything under it)
[0.865s] Copying ../../build/sjtu_drone_control/sjtu_drone_control.egg-info to /home/lcd/uav_ws/install/sjtu_drone_control/lib/python3.10/site-packages/sjtu_drone_control-0.0.0-py3.10.egg-info
[0.867s] running install_scripts
[0.877s] Installing drone_position_control script to /home/lcd/uav_ws/install/sjtu_drone_control/lib/sjtu_drone_control
[0.877s] Installing listen_gt_acc script to /home/lcd/uav_ws/install/sjtu_drone_control/lib/sjtu_drone_control
[0.878s] Installing open_loop_control script to /home/lcd/uav_ws/install/sjtu_drone_control/lib/sjtu_drone_control
[0.878s] Installing payload_controller script to /home/lcd/uav_ws/install/sjtu_drone_control/lib/sjtu_drone_control
[0.878s] Installing payload_mpc_controller script to /home/lcd/uav_ws/install/sjtu_drone_control/lib/sjtu_drone_control
[0.879s] Installing plot_tools script to /home/lcd/uav_ws/install/sjtu_drone_control/lib/sjtu_drone_control
[0.879s] Installing teleop script to /home/lcd/uav_ws/install/sjtu_drone_control/lib/sjtu_drone_control
[0.879s] Installing teleop_joystick script to /home/lcd/uav_ws/install/sjtu_drone_control/lib/sjtu_drone_control
[0.879s] writing list of installed files to '/home/lcd/uav_ws/build/sjtu_drone_control/install.log'
[0.899s] Invoked command in '/home/lcd/uav_ws/src/sjtu_drone_control' returned '0': PYTHONPATH=/home/lcd/uav_ws/build/sjtu_drone_control/prefix_override:/usr/lib/python3/dist-packages/colcon_core/task/python/colcon_distutils_commands:/home/lcd/uav_ws/install/sjtu_drone_control/lib/python3.10/site-packages:${PYTHONPATH} /usr/bin/python3 -W ignore:setup.py install is deprecated -W ignore:easy_install command is deprecated setup.py egg_info --egg-base ../../build/sjtu_drone_control build --build-base /home/lcd/uav_ws/build/sjtu_drone_control/build install --record /home/lcd/uav_ws/build/sjtu_drone_control/install.log --single-version-externally-managed install_data
