[0.219s] Invoking command in '/home/lcd/uav_ws/build/sjtu_drone_description': /usr/bin/cmake --build /home/lcd/uav_ws/build/sjtu_drone_description -- -j32 -l32
[0.406s] [ 33%] Built target payload_swing_damper
[0.430s] [100%] Built target plugin_drone
[0.440s] Invoked command in '/home/lcd/uav_ws/build/sjtu_drone_description' returned '0': /usr/bin/cmake --build /home/lcd/uav_ws/build/sjtu_drone_description -- -j32 -l32
[0.445s] Invoking command in '/home/lcd/uav_ws/build/sjtu_drone_description': /usr/bin/cmake --install /home/lcd/uav_ws/build/sjtu_drone_description
[0.449s] -- Install configuration: ""
[0.450s] -- Execute custom install script
[0.450s] -- Up-to-date symlink: /home/lcd/uav_ws/install/sjtu_drone_description/share/sjtu_drone_description/environment/library_path.sh
[0.450s] -- Up-to-date symlink: /home/lcd/uav_ws/install/sjtu_drone_description/share/sjtu_drone_description/environment/library_path.dsv
[0.451s] -- Up-to-date symlink: /home/lcd/uav_ws/install/sjtu_drone_description/include/sjtu_drone_description/pid_controller.h
[0.451s] -- Up-to-date symlink: /home/lcd/uav_ws/install/sjtu_drone_description/include/sjtu_drone_description/plugin_drone.h
[0.452s] -- Up-to-date symlink: /home/lcd/uav_ws/install/sjtu_drone_description/include/sjtu_drone_description/plugin_drone_private.h
[0.452s] -- Up-to-date symlink: /home/lcd/uav_ws/install/sjtu_drone_description/share/sjtu_drone_description/models/database.config
[0.452s] -- Up-to-date symlink: /home/lcd/uav_ws/install/sjtu_drone_description/share/sjtu_drone_description/models/sjtu_drone/model.config
[0.453s] -- Up-to-date symlink: /home/lcd/uav_ws/install/sjtu_drone_description/share/sjtu_drone_description/models/sjtu_drone/quadrotor_4.dae
[0.453s] -- Up-to-date symlink: /home/lcd/uav_ws/install/sjtu_drone_description/share/sjtu_drone_description/models/sjtu_drone/quadrotor_4.stl
[0.453s] -- Up-to-date symlink: /home/lcd/uav_ws/install/sjtu_drone_description/share/sjtu_drone_description/models/sjtu_drone/sjtu_drone.sdf
[0.454s] -- Up-to-date symlink: /home/lcd/uav_ws/install/sjtu_drone_description/share/sjtu_drone_description/urdf/flexible_cable.xacro
[0.454s] -- Up-to-date symlink: /home/lcd/uav_ws/install/sjtu_drone_description/share/sjtu_drone_description/urdf/sjtu_drone.urdf.xacro
[0.454s] -- Up-to-date symlink: /home/lcd/uav_ws/install/sjtu_drone_description/share/sjtu_drone_description/worlds/playground.world
[0.455s] -- Up-to-date symlink: /home/lcd/uav_ws/install/sjtu_drone_description/share/ament_index/resource_index/package_run_dependencies/sjtu_drone_description
[0.455s] -- Up-to-date symlink: /home/lcd/uav_ws/install/sjtu_drone_description/share/ament_index/resource_index/parent_prefix_path/sjtu_drone_description
[0.456s] -- Up-to-date symlink: /home/lcd/uav_ws/install/sjtu_drone_description/share/sjtu_drone_description/environment/ament_prefix_path.sh
[0.456s] -- Up-to-date symlink: /home/lcd/uav_ws/install/sjtu_drone_description/share/sjtu_drone_description/environment/ament_prefix_path.dsv
[0.457s] -- Up-to-date symlink: /home/lcd/uav_ws/install/sjtu_drone_description/share/sjtu_drone_description/environment/path.sh
[0.457s] -- Up-to-date symlink: /home/lcd/uav_ws/install/sjtu_drone_description/share/sjtu_drone_description/environment/path.dsv
[0.457s] -- Up-to-date symlink: /home/lcd/uav_ws/install/sjtu_drone_description/share/sjtu_drone_description/local_setup.bash
[0.458s] -- Up-to-date symlink: /home/lcd/uav_ws/install/sjtu_drone_description/share/sjtu_drone_description/local_setup.sh
[0.458s] -- Up-to-date symlink: /home/lcd/uav_ws/install/sjtu_drone_description/share/sjtu_drone_description/local_setup.zsh
[0.458s] -- Up-to-date symlink: /home/lcd/uav_ws/install/sjtu_drone_description/share/sjtu_drone_description/local_setup.dsv
[0.458s] -- Symlinking: /home/lcd/uav_ws/install/sjtu_drone_description/share/sjtu_drone_description/package.dsv
[0.463s] -- Up-to-date symlink: /home/lcd/uav_ws/install/sjtu_drone_description/share/ament_index/resource_index/packages/sjtu_drone_description
[0.464s] -- Up-to-date symlink: /home/lcd/uav_ws/install/sjtu_drone_description/share/sjtu_drone_description/cmake/ament_cmake_export_libraries-extras.cmake
[0.464s] -- Up-to-date symlink: /home/lcd/uav_ws/install/sjtu_drone_description/share/sjtu_drone_description/cmake/ament_cmake_export_include_directories-extras.cmake
[0.464s] -- Up-to-date symlink: /home/lcd/uav_ws/install/sjtu_drone_description/share/sjtu_drone_description/cmake/ament_cmake_export_targets-extras.cmake
[0.465s] -- Up-to-date symlink: /home/lcd/uav_ws/install/sjtu_drone_description/share/sjtu_drone_description/cmake/sjtu_drone_descriptionConfig.cmake
[0.465s] -- Up-to-date symlink: /home/lcd/uav_ws/install/sjtu_drone_description/share/sjtu_drone_description/cmake/sjtu_drone_descriptionConfig-version.cmake
[0.465s] -- Up-to-date symlink: /home/lcd/uav_ws/install/sjtu_drone_description/share/sjtu_drone_description/package.xml
[0.466s] -- Up-to-date: /home/lcd/uav_ws/install/sjtu_drone_description/lib/libpayload_swing_damper.so
[0.467s] -- Up-to-date: /home/lcd/uav_ws/install/sjtu_drone_description/lib/libplugin_drone.so
[0.468s] -- Up-to-date: /home/lcd/uav_ws/install/sjtu_drone_description/share/sjtu_drone_description/cmake/export_sjtu_drone_descriptionExport.cmake
[0.468s] -- Up-to-date: /home/lcd/uav_ws/install/sjtu_drone_description/share/sjtu_drone_description/cmake/export_sjtu_drone_descriptionExport-noconfig.cmake
[0.469s] Invoked command in '/home/lcd/uav_ws/build/sjtu_drone_description' returned '0': /usr/bin/cmake --install /home/lcd/uav_ws/build/sjtu_drone_description
