[0.457s] Invoking command in '/home/lcd/uav_ws/build/sjtu_drone_bringup': PYTHONPATH=/home/lcd/uav_ws/build/sjtu_drone_bringup/prefix_override:/usr/lib/python3/dist-packages/colcon_core/task/python/colcon_distutils_commands:/home/lcd/uav_ws/install/sjtu_drone_bringup/lib/python3.10/site-packages:${PYTHONPATH} /usr/bin/python3 -W ignore:setup.py install is deprecated -W ignore:easy_install command is deprecated setup.py develop --editable --build-directory /home/lcd/uav_ws/build/sjtu_drone_bringup/build --no-deps symlink_data
[0.585s] running develop
[0.653s] running egg_info
[0.653s] creating sjtu_drone_bringup.egg-info
[0.653s] writing sjtu_drone_bringup.egg-info/PKG-INFO
[0.653s] writing dependency_links to sjtu_drone_bringup.egg-info/dependency_links.txt
[0.653s] writing entry points to sjtu_drone_bringup.egg-info/entry_points.txt
[0.653s] writing requirements to sjtu_drone_bringup.egg-info/requires.txt
[0.653s] writing top-level names to sjtu_drone_bringup.egg-info/top_level.txt
[0.654s] writing manifest file 'sjtu_drone_bringup.egg-info/SOURCES.txt'
[0.655s] reading manifest file 'sjtu_drone_bringup.egg-info/SOURCES.txt'
[0.655s] writing manifest file 'sjtu_drone_bringup.egg-info/SOURCES.txt'
[0.656s] running build_ext
[0.656s] Creating /home/lcd/uav_ws/install/sjtu_drone_bringup/lib/python3.10/site-packages/sjtu-drone-bringup.egg-link (link to .)
[0.657s] Installing spawn_drone script to /home/lcd/uav_ws/install/sjtu_drone_bringup/lib/sjtu_drone_bringup
[0.657s] 
[0.657s] Installed /home/lcd/uav_ws/build/sjtu_drone_bringup
[0.657s] running symlink_data
[0.657s] creating /home/lcd/uav_ws/install/sjtu_drone_bringup/share/ament_index
[0.657s] creating /home/lcd/uav_ws/install/sjtu_drone_bringup/share/ament_index/resource_index
[0.657s] creating /home/lcd/uav_ws/install/sjtu_drone_bringup/share/ament_index/resource_index/packages
[0.657s] symbolically linking /home/lcd/uav_ws/build/sjtu_drone_bringup/resource/sjtu_drone_bringup -> /home/lcd/uav_ws/install/sjtu_drone_bringup/share/ament_index/resource_index/packages
[0.658s] symbolically linking /home/lcd/uav_ws/build/sjtu_drone_bringup/package.xml -> /home/lcd/uav_ws/install/sjtu_drone_bringup/share/sjtu_drone_bringup
[0.658s] creating /home/lcd/uav_ws/install/sjtu_drone_bringup/share/sjtu_drone_bringup/launch
[0.658s] symbolically linking /home/lcd/uav_ws/build/sjtu_drone_bringup/launch/sjtu_drone_bringup.launch.py -> /home/lcd/uav_ws/install/sjtu_drone_bringup/share/sjtu_drone_bringup/launch
[0.658s] symbolically linking /home/lcd/uav_ws/build/sjtu_drone_bringup/launch/drone_urdf_bringup.launch.py -> /home/lcd/uav_ws/install/sjtu_drone_bringup/share/sjtu_drone_bringup/launch
[0.658s] symbolically linking /home/lcd/uav_ws/build/sjtu_drone_bringup/launch/sjtu_drone_gazebo.launch.py -> /home/lcd/uav_ws/install/sjtu_drone_bringup/share/sjtu_drone_bringup/launch
[0.658s] creating /home/lcd/uav_ws/install/sjtu_drone_bringup/share/sjtu_drone_bringup/rviz
[0.658s] symbolically linking /home/lcd/uav_ws/build/sjtu_drone_bringup/rviz/rviz.rviz -> /home/lcd/uav_ws/install/sjtu_drone_bringup/share/sjtu_drone_bringup/rviz
[0.658s] creating /home/lcd/uav_ws/install/sjtu_drone_bringup/share/sjtu_drone_bringup/config
[0.658s] symbolically linking /home/lcd/uav_ws/build/sjtu_drone_bringup/config/drone.yaml -> /home/lcd/uav_ws/install/sjtu_drone_bringup/share/sjtu_drone_bringup/config
[0.674s] Invoked command in '/home/lcd/uav_ws/build/sjtu_drone_bringup' returned '0': PYTHONPATH=/home/lcd/uav_ws/build/sjtu_drone_bringup/prefix_override:/usr/lib/python3/dist-packages/colcon_core/task/python/colcon_distutils_commands:/home/lcd/uav_ws/install/sjtu_drone_bringup/lib/python3.10/site-packages:${PYTHONPATH} /usr/bin/python3 -W ignore:setup.py install is deprecated -W ignore:easy_install command is deprecated setup.py develop --editable --build-directory /home/lcd/uav_ws/build/sjtu_drone_bringup/build --no-deps symlink_data
